<?xml version="1.0" encoding="UTF-8"?>
<testsuite xmlns:xsi="http://www.w3.org/2001/XMLSchema-instance" xsi:noNamespaceSchemaLocation="https://maven.apache.org/surefire/maven-failsafe-plugin/xsd/failsafe-test-report-3.0.xsd" version="3.0" name="Web - Added Favorite Restaurant" time="34.796" tests="1" errors="1" skipped="0" failures="0">
  <properties>
    <property name="gopherProxySet" value="false"/>
    <property name="awt.toolkit" value="sun.lwawt.macosx.LWCToolkit"/>
    <property name="java.specification.version" value="1.8"/>
    <property name="file.encoding.pkg" value="sun.io"/>
    <property name="webdriver.chrome.driver" value="/Users/busra.ozdemir/.cache/selenium/chromedriver/mac64/80.0.3987.106/chromedriver"/>
    <property name="sun.cpu.isalist" value=""/>
    <property name="sun.jnu.encoding" value="UTF-8"/>
    <property name="java.class.path" value="/Users/busra.ozdemir/Music/testcucumber1/target/test-classes:/Users/busra.ozdemir/Music/testcucumber1/target/deneme-1.0-SNAPSHOT.jar:/Users/busra.ozdemir/.m2/repository/io/cucumber/cucumber-java/6.9.1/cucumber-java-6.9.1.jar:/Users/busra.ozdemir/.m2/repository/io/cucumber/cucumber-core/6.9.1/cucumber-core-6.9.1.jar:/Users/busra.ozdemir/.m2/repository/io/cucumber/cucumber-gherkin/6.9.1/cucumber-gherkin-6.9.1.jar:/Users/busra.ozdemir/.m2/repository/io/cucumber/cucumber-gherkin-messages/6.9.1/cucumber-gherkin-messages-6.9.1.jar:/Users/busra.ozdemir/.m2/repository/io/cucumber/messages/13.2.1/messages-13.2.1.jar:/Users/busra.ozdemir/.m2/repository/io/cucumber/tag-expressions/3.0.0/tag-expressions-3.0.0.jar:/Users/busra.ozdemir/.m2/repository/io/cucumber/cucumber-expressions/10.3.0/cucumber-expressions-10.3.0.jar:/Users/busra.ozdemir/.m2/repository/io/cucumber/datatable/3.5.0/datatable-3.5.0.jar:/Users/busra.ozdemir/.m2/repository/io/cucumber/cucumber-plugin/6.9.1/cucumber-plugin-6.9.1.jar:/Users/busra.ozdemir/.m2/repository/io/cucumber/docstring/6.9.1/docstring-6.9.1.jar:/Users/busra.ozdemir/.m2/repository/io/cucumber/html-formatter/9.0.0/html-formatter-9.0.0.jar:/Users/busra.ozdemir/.m2/repository/io/cucumber/create-meta/2.0.4/create-meta-2.0.4.jar:/Users/busra.ozdemir/.m2/repository/org/apiguardian/apiguardian-api/1.1.0/apiguardian-api-1.1.0.jar:/Users/busra.ozdemir/.m2/repository/junit/junit/4.13.1/junit-4.13.1.jar:/Users/busra.ozdemir/.m2/repository/org/hamcrest/hamcrest-core/1.3/hamcrest-core-1.3.jar:/Users/busra.ozdemir/.m2/repository/io/cucumber/cucumber-junit/6.9.1/cucumber-junit-6.9.1.jar:/Users/busra.ozdemir/.m2/repository/org/seleniumhq/selenium/selenium-java/4.0.0-alpha-7/selenium-java-4.0.0-alpha-7.jar:/Users/busra.ozdemir/.m2/repository/org/seleniumhq/selenium/selenium-api/4.0.0-alpha-7/selenium-api-4.0.0-alpha-7.jar:/Users/busra.ozdemir/.m2/repository/org/seleniumhq/selenium/selenium-chrome-driver/4.0.0-alpha-7/selenium-chrome-driver-4.0.0-alpha-7.jar:/Users/busra.ozdemir/.m2/repository/com/google/auto/service/auto-service-annotations/1.0-rc7/auto-service-annotations-1.0-rc7.jar:/Users/busra.ozdemir/.m2/repository/com/google/auto/service/auto-service/1.0-rc7/auto-service-1.0-rc7.jar:/Users/busra.ozdemir/.m2/repository/com/google/auto/auto-common/0.10/auto-common-0.10.jar:/Users/busra.ozdemir/.m2/repository/com/google/guava/guava/30.0-jre/guava-30.0-jre.jar:/Users/busra.ozdemir/.m2/repository/com/google/guava/failureaccess/1.0.1/failureaccess-1.0.1.jar:/Users/busra.ozdemir/.m2/repository/com/google/guava/listenablefuture/9999.0-empty-to-avoid-conflict-with-guava/listenablefuture-9999.0-empty-to-avoid-conflict-with-guava.jar:/Users/busra.ozdemir/.m2/repository/com/google/code/findbugs/jsr305/3.0.2/jsr305-3.0.2.jar:/Users/busra.ozdemir/.m2/repository/org/checkerframework/checker-qual/3.5.0/checker-qual-3.5.0.jar:/Users/busra.ozdemir/.m2/repository/com/google/errorprone/error_prone_annotations/2.3.4/error_prone_annotations-2.3.4.jar:/Users/busra.ozdemir/.m2/repository/com/google/j2objc/j2objc-annotations/1.3/j2objc-annotations-1.3.jar:/Users/busra.ozdemir/.m2/repository/org/seleniumhq/selenium/selenium-chromium-driver/4.0.0-alpha-7/selenium-chromium-driver-4.0.0-alpha-7.jar:/Users/busra.ozdemir/.m2/repository/org/seleniumhq/selenium/selenium-devtools/4.0.0-alpha-7/selenium-devtools-4.0.0-alpha-7.jar:/Users/busra.ozdemir/.m2/repository/org/seleniumhq/selenium/selenium-http/4.0.0-alpha-7/selenium-http-4.0.0-alpha-7.jar:/Users/busra.ozdemir/.m2/repository/org/seleniumhq/selenium/selenium-json/4.0.0-alpha-7/selenium-json-4.0.0-alpha-7.jar:/Users/busra.ozdemir/.m2/repository/org/seleniumhq/selenium/selenium-devtools-v84/4.0.0-alpha-7/selenium-devtools-v84-4.0.0-alpha-7.jar:/Users/busra.ozdemir/.m2/repository/org/seleniumhq/selenium/selenium-devtools-v85/4.0.0-alpha-7/selenium-devtools-v85-4.0.0-alpha-7.jar:/Users/busra.ozdemir/.m2/repository/org/seleniumhq/selenium/selenium-devtools-v86/4.0.0-alpha-7/selenium-devtools-v86-4.0.0-alpha-7.jar:/Users/busra.ozdemir/.m2/repository/org/seleniumhq/selenium/selenium-devtools-v87/4.0.0-alpha-7/selenium-devtools-v87-4.0.0-alpha-7.jar:/Users/busra.ozdemir/.m2/repository/org/seleniumhq/selenium/selenium-edge-driver/4.0.0-alpha-7/selenium-edge-driver-4.0.0-alpha-7.jar:/Users/busra.ozdemir/.m2/repository/org/seleniumhq/selenium/selenium-edgehtml-driver/4.0.0-alpha-7/selenium-edgehtml-driver-4.0.0-alpha-7.jar:/Users/busra.ozdemir/.m2/repository/org/seleniumhq/selenium/selenium-firefox-driver/4.0.0-alpha-7/selenium-firefox-driver-4.0.0-alpha-7.jar:/Users/busra.ozdemir/.m2/repository/org/seleniumhq/selenium/selenium-firefox-xpi-driver/4.0.0-alpha-7/selenium-firefox-xpi-driver-4.0.0-alpha-7.jar:/Users/busra.ozdemir/.m2/repository/org/seleniumhq/selenium/selenium-ie-driver/4.0.0-alpha-7/selenium-ie-driver-4.0.0-alpha-7.jar:/Users/busra.ozdemir/.m2/repository/org/seleniumhq/selenium/selenium-opera-driver/4.0.0-alpha-7/selenium-opera-driver-4.0.0-alpha-7.jar:/Users/busra.ozdemir/.m2/repository/org/seleniumhq/selenium/selenium-remote-driver/4.0.0-alpha-7/selenium-remote-driver-4.0.0-alpha-7.jar:/Users/busra.ozdemir/.m2/repository/com/typesafe/netty/netty-reactive-streams/2.0.4/netty-reactive-streams-2.0.4.jar:/Users/busra.ozdemir/.m2/repository/io/netty/netty-handler/4.1.43.Final/netty-handler-4.1.43.Final.jar:/Users/busra.ozdemir/.m2/repository/org/reactivestreams/reactive-streams/1.0.3/reactive-streams-1.0.3.jar:/Users/busra.ozdemir/.m2/repository/io/grpc/grpc-context/1.32.1/grpc-context-1.32.1.jar:/Users/busra.ozdemir/.m2/repository/io/netty/netty-buffer/4.1.53.Final/netty-buffer-4.1.53.Final.jar:/Users/busra.ozdemir/.m2/repository/io/netty/netty-codec-http/4.1.53.Final/netty-codec-http-4.1.53.Final.jar:/Users/busra.ozdemir/.m2/repository/io/netty/netty-codec/4.1.53.Final/netty-codec-4.1.53.Final.jar:/Users/busra.ozdemir/.m2/repository/io/netty/netty-common/4.1.53.Final/netty-common-4.1.53.Final.jar:/Users/busra.ozdemir/.m2/repository/io/netty/netty-transport-native-epoll/4.1.53.Final/netty-transport-native-epoll-4.1.53.Final.jar:/Users/busra.ozdemir/.m2/repository/io/netty/netty-transport-native-epoll/4.1.53.Final/netty-transport-native-epoll-4.1.53.Final-linux-x86_64.jar:/Users/busra.ozdemir/.m2/repository/io/netty/netty-transport-native-kqueue/4.1.53.Final/netty-transport-native-kqueue-4.1.53.Final.jar:/Users/busra.ozdemir/.m2/repository/io/netty/netty-transport-native-kqueue/4.1.53.Final/netty-transport-native-kqueue-4.1.53.Final-osx-x86_64.jar:/Users/busra.ozdemir/.m2/repository/io/netty/netty-transport-native-unix-common/4.1.53.Final/netty-transport-native-unix-common-4.1.53.Final.jar:/Users/busra.ozdemir/.m2/repository/io/netty/netty-transport/4.1.53.Final/netty-transport-4.1.53.Final.jar:/Users/busra.ozdemir/.m2/repository/io/netty/netty-resolver/4.1.53.Final/netty-resolver-4.1.53.Final.jar:/Users/busra.ozdemir/.m2/repository/io/opentelemetry/opentelemetry-api/0.9.1/opentelemetry-api-0.9.1.jar:/Users/busra.ozdemir/.m2/repository/io/opentelemetry/opentelemetry-context-prop/0.9.1/opentelemetry-context-prop-0.9.1.jar:/Users/busra.ozdemir/.m2/repository/io/opentelemetry/opentelemetry-sdk/0.9.1/opentelemetry-sdk-0.9.1.jar:/Users/busra.ozdemir/.m2/repository/io/opentelemetry/opentelemetry-sdk-common/0.9.1/opentelemetry-sdk-common-0.9.1.jar:/Users/busra.ozdemir/.m2/repository/io/opentelemetry/opentelemetry-sdk-baggage/0.9.1/opentelemetry-sdk-baggage-0.9.1.jar:/Users/busra.ozdemir/.m2/repository/io/opentelemetry/opentelemetry-sdk-metrics/0.9.1/opentelemetry-sdk-metrics-0.9.1.jar:/Users/busra.ozdemir/.m2/repository/io/opentelemetry/opentelemetry-sdk-tracing/0.9.1/opentelemetry-sdk-tracing-0.9.1.jar:/Users/busra.ozdemir/.m2/repository/io/projectreactor/netty/reactor-netty-http/1.0.0/reactor-netty-http-1.0.0.jar:/Users/busra.ozdemir/.m2/repository/io/netty/netty-codec-http2/4.1.53.Final/netty-codec-http2-4.1.53.Final.jar:/Users/busra.ozdemir/.m2/repository/io/netty/netty-resolver-dns/4.1.53.Final/netty-resolver-dns-4.1.53.Final.jar:/Users/busra.ozdemir/.m2/repository/io/netty/netty-codec-dns/4.1.53.Final/netty-codec-dns-4.1.53.Final.jar:/Users/busra.ozdemir/.m2/repository/io/projectreactor/netty/reactor-netty-core/1.0.0/reactor-netty-core-1.0.0.jar:/Users/busra.ozdemir/.m2/repository/io/projectreactor/netty/reactor-netty/1.0.0/reactor-netty-1.0.0.jar:/Users/busra.ozdemir/.m2/repository/io/projectreactor/netty/reactor-netty-http-brave/1.0.0/reactor-netty-http-brave-1.0.0.jar:/Users/busra.ozdemir/.m2/repository/io/zipkin/brave/brave-instrumentation-http/5.12.7/brave-instrumentation-http-5.12.7.jar:/Users/busra.ozdemir/.m2/repository/io/zipkin/brave/brave/5.12.7/brave-5.12.7.jar:/Users/busra.ozdemir/.m2/repository/io/zipkin/reporter2/zipkin-reporter-brave/2.15.2/zipkin-reporter-brave-2.15.2.jar:/Users/busra.ozdemir/.m2/repository/io/zipkin/reporter2/zipkin-reporter/2.15.2/zipkin-reporter-2.15.2.jar:/Users/busra.ozdemir/.m2/repository/io/zipkin/zipkin2/zipkin/2.21.7/zipkin-2.21.7.jar:/Users/busra.ozdemir/.m2/repository/io/projectreactor/reactor-core/3.4.0/reactor-core-3.4.0.jar:/Users/busra.ozdemir/.m2/repository/net/bytebuddy/byte-buddy/1.10.18/byte-buddy-1.10.18.jar:/Users/busra.ozdemir/.m2/repository/org/apache/commons/commons-exec/1.3/commons-exec-1.3.jar:/Users/busra.ozdemir/.m2/repository/org/asynchttpclient/async-http-client/2.12.1/async-http-client-2.12.1.jar:/Users/busra.ozdemir/.m2/repository/org/asynchttpclient/async-http-client-netty-utils/2.12.1/async-http-client-netty-utils-2.12.1.jar:/Users/busra.ozdemir/.m2/repository/io/netty/netty-codec-socks/4.1.48.Final/netty-codec-socks-4.1.48.Final.jar:/Users/busra.ozdemir/.m2/repository/io/netty/netty-handler-proxy/4.1.48.Final/netty-handler-proxy-4.1.48.Final.jar:/Users/busra.ozdemir/.m2/repository/com/sun/activation/javax.activation/1.2.0/javax.activation-1.2.0.jar:/Users/busra.ozdemir/.m2/repository/org/seleniumhq/selenium/selenium-safari-driver/4.0.0-alpha-7/selenium-safari-driver-4.0.0-alpha-7.jar:/Users/busra.ozdemir/.m2/repository/org/seleniumhq/selenium/selenium-support/4.0.0-alpha-7/selenium-support-4.0.0-alpha-7.jar:/Users/busra.ozdemir/.m2/repository/io/github/bonigarcia/webdrivermanager/4.2.2/webdrivermanager-4.2.2.jar:/Users/busra.ozdemir/.m2/repository/org/slf4j/slf4j-api/1.7.30/slf4j-api-1.7.30.jar:/Users/busra.ozdemir/.m2/repository/commons-io/commons-io/2.8.0/commons-io-2.8.0.jar:/Users/busra.ozdemir/.m2/repository/com/google/code/gson/gson/2.8.6/gson-2.8.6.jar:/Users/busra.ozdemir/.m2/repository/org/apache/commons/commons-lang3/3.11/commons-lang3-3.11.jar:/Users/busra.ozdemir/.m2/repository/org/apache/httpcomponents/client5/httpclient5/5.0.1/httpclient5-5.0.1.jar:/Users/busra.ozdemir/.m2/repository/org/apache/httpcomponents/core5/httpcore5/5.0.1/httpcore5-5.0.1.jar:/Users/busra.ozdemir/.m2/repository/org/apache/httpcomponents/core5/httpcore5-h2/5.0.1/httpcore5-h2-5.0.1.jar:/Users/busra.ozdemir/.m2/repository/commons-codec/commons-codec/1.13/commons-codec-1.13.jar:/Users/busra.ozdemir/.m2/repository/org/rauschig/jarchivelib/1.1.0/jarchivelib-1.1.0.jar:/Users/busra.ozdemir/.m2/repository/org/apache/commons/commons-compress/1.20/commons-compress-1.20.jar:/Users/busra.ozdemir/.m2/repository/org/jsoup/jsoup/1.13.1/jsoup-1.13.1.jar:/Users/busra.ozdemir/.m2/repository/tech/grasshopper/extentreports-cucumber6-adapter/2.5.0/extentreports-cucumber6-adapter-2.5.0.jar:/Users/busra.ozdemir/.m2/repository/com/aventstack/extentreports/5.0.5/extentreports-5.0.5.jar:/Users/busra.ozdemir/.m2/repository/io/reactivex/rxjava3/rxjava/3.0.4/rxjava-3.0.4.jar:/Users/busra.ozdemir/.m2/repository/org/freemarker/freemarker/2.3.30/freemarker-2.3.30.jar:/Users/busra.ozdemir/.m2/repository/org/projectlombok/lombok/1.18.12/lombok-1.18.12.jar:/Users/busra.ozdemir/.m2/repository/tech/grasshopper/extent-pdf-report/1.3.0/extent-pdf-report-1.3.0.jar:/Users/busra.ozdemir/.m2/repository/tech/grasshopper/cucumber-pdf-report/1.6.0/cucumber-pdf-report-1.6.0.jar:/Users/busra.ozdemir/.m2/repository/org/apache/pdfbox/pdfbox/2.0.21/pdfbox-2.0.21.jar:/Users/busra.ozdemir/.m2/repository/org/apache/pdfbox/fontbox/2.0.21/fontbox-2.0.21.jar:/Users/busra.ozdemir/.m2/repository/org/knowm/xchart/xchart/3.6.5/xchart-3.6.5.jar:/Users/busra.ozdemir/.m2/repository/de/erichseifert/vectorgraphics2d/VectorGraphics2D/0.13/VectorGraphics2D-0.13.jar:/Users/busra.ozdemir/.m2/repository/de/rototor/pdfbox/graphics2d/0.27/graphics2d-0.27.jar:/Users/busra.ozdemir/.m2/repository/com/madgag/animated-gif-lib/1.4/animated-gif-lib-1.4.jar:/Users/busra.ozdemir/.m2/repository/com/github/vandeseer/easytable/0.7.1/easytable-0.7.1.jar:/Users/busra.ozdemir/.m2/repository/com/github/ralfstuckert/pdfbox-layout/pdfbox2-layout/1.0.0/pdfbox2-layout-1.0.0.jar:/Users/busra.ozdemir/.m2/repository/org/yaml/snakeyaml/1.27/snakeyaml-1.27.jar:/Users/busra.ozdemir/.m2/repository/com/aventstack/klov-reporter/5.0.5/klov-reporter-5.0.5.jar:/Users/busra.ozdemir/.m2/repository/org/mongodb/bson/3.6.4/bson-3.6.4.jar:/Users/busra.ozdemir/.m2/repository/org/apache/httpcomponents/httpclient/4.5.2/httpclient-4.5.2.jar:/Users/busra.ozdemir/.m2/repository/org/apache/httpcomponents/httpcore/4.4.4/httpcore-4.4.4.jar:/Users/busra.ozdemir/.m2/repository/commons-logging/commons-logging/1.2/commons-logging-1.2.jar:/Users/busra.ozdemir/.m2/repository/org/apache/httpcomponents/httpmime/4.5.2/httpmime-4.5.2.jar:/Users/busra.ozdemir/.m2/repository/org/mongodb/mongodb-driver/3.3.0/mongodb-driver-3.3.0.jar:/Users/busra.ozdemir/.m2/repository/org/mongodb/mongodb-driver-core/3.3.0/mongodb-driver-core-3.3.0.jar:"/>
    <property name="sun.awt.enableExtraMouseButtons" value="true"/>
    <property name="java.vm.vendor" value="Oracle Corporation"/>
    <property name="sun.arch.data.model" value="64"/>
    <property name="sun.font.fontmanager" value="sun.font.CFontManager"/>
    <property name="java.vendor.url" value="http://java.oracle.com/"/>
    <property name="user.timezone" value="Europe/Istanbul"/>
    <property name="java.vm.specification.version" value="1.8"/>
    <property name="os.name" value="Mac OS X"/>
    <property name="user.country" value="TR"/>
    <property name="sun.java.launcher" value="SUN_STANDARD"/>
    <property name="sun.boot.library.path" value="/Library/Java/JavaVirtualMachines/jdk1.8.0_201.jdk/Contents/Home/jre/lib"/>
    <property name="sun.java.command" value="/Users/busra.ozdemir/Music/testcucumber1/target/surefire/surefirebooter8771070104799245588.jar /Users/busra.ozdemir/Music/testcucumber1/target/surefire 2021-06-15T17-25-19_654-jvmRun1 surefire4687730775528727086tmp surefire_03656867077245216476tmp"/>
    <property name="http.nonProxyHosts" value="local|*.local|169.254/16|*.169.254/16"/>
    <property name="surefire.test.class.path" value="/Users/busra.ozdemir/Music/testcucumber1/target/test-classes:/Users/busra.ozdemir/Music/testcucumber1/target/deneme-1.0-SNAPSHOT.jar:/Users/busra.ozdemir/.m2/repository/io/cucumber/cucumber-java/6.9.1/cucumber-java-6.9.1.jar:/Users/busra.ozdemir/.m2/repository/io/cucumber/cucumber-core/6.9.1/cucumber-core-6.9.1.jar:/Users/busra.ozdemir/.m2/repository/io/cucumber/cucumber-gherkin/6.9.1/cucumber-gherkin-6.9.1.jar:/Users/busra.ozdemir/.m2/repository/io/cucumber/cucumber-gherkin-messages/6.9.1/cucumber-gherkin-messages-6.9.1.jar:/Users/busra.ozdemir/.m2/repository/io/cucumber/messages/13.2.1/messages-13.2.1.jar:/Users/busra.ozdemir/.m2/repository/io/cucumber/tag-expressions/3.0.0/tag-expressions-3.0.0.jar:/Users/busra.ozdemir/.m2/repository/io/cucumber/cucumber-expressions/10.3.0/cucumber-expressions-10.3.0.jar:/Users/busra.ozdemir/.m2/repository/io/cucumber/datatable/3.5.0/datatable-3.5.0.jar:/Users/busra.ozdemir/.m2/repository/io/cucumber/cucumber-plugin/6.9.1/cucumber-plugin-6.9.1.jar:/Users/busra.ozdemir/.m2/repository/io/cucumber/docstring/6.9.1/docstring-6.9.1.jar:/Users/busra.ozdemir/.m2/repository/io/cucumber/html-formatter/9.0.0/html-formatter-9.0.0.jar:/Users/busra.ozdemir/.m2/repository/io/cucumber/create-meta/2.0.4/create-meta-2.0.4.jar:/Users/busra.ozdemir/.m2/repository/org/apiguardian/apiguardian-api/1.1.0/apiguardian-api-1.1.0.jar:/Users/busra.ozdemir/.m2/repository/junit/junit/4.13.1/junit-4.13.1.jar:/Users/busra.ozdemir/.m2/repository/org/hamcrest/hamcrest-core/1.3/hamcrest-core-1.3.jar:/Users/busra.ozdemir/.m2/repository/io/cucumber/cucumber-junit/6.9.1/cucumber-junit-6.9.1.jar:/Users/busra.ozdemir/.m2/repository/org/seleniumhq/selenium/selenium-java/4.0.0-alpha-7/selenium-java-4.0.0-alpha-7.jar:/Users/busra.ozdemir/.m2/repository/org/seleniumhq/selenium/selenium-api/4.0.0-alpha-7/selenium-api-4.0.0-alpha-7.jar:/Users/busra.ozdemir/.m2/repository/org/seleniumhq/selenium/selenium-chrome-driver/4.0.0-alpha-7/selenium-chrome-driver-4.0.0-alpha-7.jar:/Users/busra.ozdemir/.m2/repository/com/google/auto/service/auto-service-annotations/1.0-rc7/auto-service-annotations-1.0-rc7.jar:/Users/busra.ozdemir/.m2/repository/com/google/auto/service/auto-service/1.0-rc7/auto-service-1.0-rc7.jar:/Users/busra.ozdemir/.m2/repository/com/google/auto/auto-common/0.10/auto-common-0.10.jar:/Users/busra.ozdemir/.m2/repository/com/google/guava/guava/30.0-jre/guava-30.0-jre.jar:/Users/busra.ozdemir/.m2/repository/com/google/guava/failureaccess/1.0.1/failureaccess-1.0.1.jar:/Users/busra.ozdemir/.m2/repository/com/google/guava/listenablefuture/9999.0-empty-to-avoid-conflict-with-guava/listenablefuture-9999.0-empty-to-avoid-conflict-with-guava.jar:/Users/busra.ozdemir/.m2/repository/com/google/code/findbugs/jsr305/3.0.2/jsr305-3.0.2.jar:/Users/busra.ozdemir/.m2/repository/org/checkerframework/checker-qual/3.5.0/checker-qual-3.5.0.jar:/Users/busra.ozdemir/.m2/repository/com/google/errorprone/error_prone_annotations/2.3.4/error_prone_annotations-2.3.4.jar:/Users/busra.ozdemir/.m2/repository/com/google/j2objc/j2objc-annotations/1.3/j2objc-annotations-1.3.jar:/Users/busra.ozdemir/.m2/repository/org/seleniumhq/selenium/selenium-chromium-driver/4.0.0-alpha-7/selenium-chromium-driver-4.0.0-alpha-7.jar:/Users/busra.ozdemir/.m2/repository/org/seleniumhq/selenium/selenium-devtools/4.0.0-alpha-7/selenium-devtools-4.0.0-alpha-7.jar:/Users/busra.ozdemir/.m2/repository/org/seleniumhq/selenium/selenium-http/4.0.0-alpha-7/selenium-http-4.0.0-alpha-7.jar:/Users/busra.ozdemir/.m2/repository/org/seleniumhq/selenium/selenium-json/4.0.0-alpha-7/selenium-json-4.0.0-alpha-7.jar:/Users/busra.ozdemir/.m2/repository/org/seleniumhq/selenium/selenium-devtools-v84/4.0.0-alpha-7/selenium-devtools-v84-4.0.0-alpha-7.jar:/Users/busra.ozdemir/.m2/repository/org/seleniumhq/selenium/selenium-devtools-v85/4.0.0-alpha-7/selenium-devtools-v85-4.0.0-alpha-7.jar:/Users/busra.ozdemir/.m2/repository/org/seleniumhq/selenium/selenium-devtools-v86/4.0.0-alpha-7/selenium-devtools-v86-4.0.0-alpha-7.jar:/Users/busra.ozdemir/.m2/repository/org/seleniumhq/selenium/selenium-devtools-v87/4.0.0-alpha-7/selenium-devtools-v87-4.0.0-alpha-7.jar:/Users/busra.ozdemir/.m2/repository/org/seleniumhq/selenium/selenium-edge-driver/4.0.0-alpha-7/selenium-edge-driver-4.0.0-alpha-7.jar:/Users/busra.ozdemir/.m2/repository/org/seleniumhq/selenium/selenium-edgehtml-driver/4.0.0-alpha-7/selenium-edgehtml-driver-4.0.0-alpha-7.jar:/Users/busra.ozdemir/.m2/repository/org/seleniumhq/selenium/selenium-firefox-driver/4.0.0-alpha-7/selenium-firefox-driver-4.0.0-alpha-7.jar:/Users/busra.ozdemir/.m2/repository/org/seleniumhq/selenium/selenium-firefox-xpi-driver/4.0.0-alpha-7/selenium-firefox-xpi-driver-4.0.0-alpha-7.jar:/Users/busra.ozdemir/.m2/repository/org/seleniumhq/selenium/selenium-ie-driver/4.0.0-alpha-7/selenium-ie-driver-4.0.0-alpha-7.jar:/Users/busra.ozdemir/.m2/repository/org/seleniumhq/selenium/selenium-opera-driver/4.0.0-alpha-7/selenium-opera-driver-4.0.0-alpha-7.jar:/Users/busra.ozdemir/.m2/repository/org/seleniumhq/selenium/selenium-remote-driver/4.0.0-alpha-7/selenium-remote-driver-4.0.0-alpha-7.jar:/Users/busra.ozdemir/.m2/repository/com/typesafe/netty/netty-reactive-streams/2.0.4/netty-reactive-streams-2.0.4.jar:/Users/busra.ozdemir/.m2/repository/io/netty/netty-handler/4.1.43.Final/netty-handler-4.1.43.Final.jar:/Users/busra.ozdemir/.m2/repository/org/reactivestreams/reactive-streams/1.0.3/reactive-streams-1.0.3.jar:/Users/busra.ozdemir/.m2/repository/io/grpc/grpc-context/1.32.1/grpc-context-1.32.1.jar:/Users/busra.ozdemir/.m2/repository/io/netty/netty-buffer/4.1.53.Final/netty-buffer-4.1.53.Final.jar:/Users/busra.ozdemir/.m2/repository/io/netty/netty-codec-http/4.1.53.Final/netty-codec-http-4.1.53.Final.jar:/Users/busra.ozdemir/.m2/repository/io/netty/netty-codec/4.1.53.Final/netty-codec-4.1.53.Final.jar:/Users/busra.ozdemir/.m2/repository/io/netty/netty-common/4.1.53.Final/netty-common-4.1.53.Final.jar:/Users/busra.ozdemir/.m2/repository/io/netty/netty-transport-native-epoll/4.1.53.Final/netty-transport-native-epoll-4.1.53.Final.jar:/Users/busra.ozdemir/.m2/repository/io/netty/netty-transport-native-epoll/4.1.53.Final/netty-transport-native-epoll-4.1.53.Final-linux-x86_64.jar:/Users/busra.ozdemir/.m2/repository/io/netty/netty-transport-native-kqueue/4.1.53.Final/netty-transport-native-kqueue-4.1.53.Final.jar:/Users/busra.ozdemir/.m2/repository/io/netty/netty-transport-native-kqueue/4.1.53.Final/netty-transport-native-kqueue-4.1.53.Final-osx-x86_64.jar:/Users/busra.ozdemir/.m2/repository/io/netty/netty-transport-native-unix-common/4.1.53.Final/netty-transport-native-unix-common-4.1.53.Final.jar:/Users/busra.ozdemir/.m2/repository/io/netty/netty-transport/4.1.53.Final/netty-transport-4.1.53.Final.jar:/Users/busra.ozdemir/.m2/repository/io/netty/netty-resolver/4.1.53.Final/netty-resolver-4.1.53.Final.jar:/Users/busra.ozdemir/.m2/repository/io/opentelemetry/opentelemetry-api/0.9.1/opentelemetry-api-0.9.1.jar:/Users/busra.ozdemir/.m2/repository/io/opentelemetry/opentelemetry-context-prop/0.9.1/opentelemetry-context-prop-0.9.1.jar:/Users/busra.ozdemir/.m2/repository/io/opentelemetry/opentelemetry-sdk/0.9.1/opentelemetry-sdk-0.9.1.jar:/Users/busra.ozdemir/.m2/repository/io/opentelemetry/opentelemetry-sdk-common/0.9.1/opentelemetry-sdk-common-0.9.1.jar:/Users/busra.ozdemir/.m2/repository/io/opentelemetry/opentelemetry-sdk-baggage/0.9.1/opentelemetry-sdk-baggage-0.9.1.jar:/Users/busra.ozdemir/.m2/repository/io/opentelemetry/opentelemetry-sdk-metrics/0.9.1/opentelemetry-sdk-metrics-0.9.1.jar:/Users/busra.ozdemir/.m2/repository/io/opentelemetry/opentelemetry-sdk-tracing/0.9.1/opentelemetry-sdk-tracing-0.9.1.jar:/Users/busra.ozdemir/.m2/repository/io/projectreactor/netty/reactor-netty-http/1.0.0/reactor-netty-http-1.0.0.jar:/Users/busra.ozdemir/.m2/repository/io/netty/netty-codec-http2/4.1.53.Final/netty-codec-http2-4.1.53.Final.jar:/Users/busra.ozdemir/.m2/repository/io/netty/netty-resolver-dns/4.1.53.Final/netty-resolver-dns-4.1.53.Final.jar:/Users/busra.ozdemir/.m2/repository/io/netty/netty-codec-dns/4.1.53.Final/netty-codec-dns-4.1.53.Final.jar:/Users/busra.ozdemir/.m2/repository/io/projectreactor/netty/reactor-netty-core/1.0.0/reactor-netty-core-1.0.0.jar:/Users/busra.ozdemir/.m2/repository/io/projectreactor/netty/reactor-netty/1.0.0/reactor-netty-1.0.0.jar:/Users/busra.ozdemir/.m2/repository/io/projectreactor/netty/reactor-netty-http-brave/1.0.0/reactor-netty-http-brave-1.0.0.jar:/Users/busra.ozdemir/.m2/repository/io/zipkin/brave/brave-instrumentation-http/5.12.7/brave-instrumentation-http-5.12.7.jar:/Users/busra.ozdemir/.m2/repository/io/zipkin/brave/brave/5.12.7/brave-5.12.7.jar:/Users/busra.ozdemir/.m2/repository/io/zipkin/reporter2/zipkin-reporter-brave/2.15.2/zipkin-reporter-brave-2.15.2.jar:/Users/busra.ozdemir/.m2/repository/io/zipkin/reporter2/zipkin-reporter/2.15.2/zipkin-reporter-2.15.2.jar:/Users/busra.ozdemir/.m2/repository/io/zipkin/zipkin2/zipkin/2.21.7/zipkin-2.21.7.jar:/Users/busra.ozdemir/.m2/repository/io/projectreactor/reactor-core/3.4.0/reactor-core-3.4.0.jar:/Users/busra.ozdemir/.m2/repository/net/bytebuddy/byte-buddy/1.10.18/byte-buddy-1.10.18.jar:/Users/busra.ozdemir/.m2/repository/org/apache/commons/commons-exec/1.3/commons-exec-1.3.jar:/Users/busra.ozdemir/.m2/repository/org/asynchttpclient/async-http-client/2.12.1/async-http-client-2.12.1.jar:/Users/busra.ozdemir/.m2/repository/org/asynchttpclient/async-http-client-netty-utils/2.12.1/async-http-client-netty-utils-2.12.1.jar:/Users/busra.ozdemir/.m2/repository/io/netty/netty-codec-socks/4.1.48.Final/netty-codec-socks-4.1.48.Final.jar:/Users/busra.ozdemir/.m2/repository/io/netty/netty-handler-proxy/4.1.48.Final/netty-handler-proxy-4.1.48.Final.jar:/Users/busra.ozdemir/.m2/repository/com/sun/activation/javax.activation/1.2.0/javax.activation-1.2.0.jar:/Users/busra.ozdemir/.m2/repository/org/seleniumhq/selenium/selenium-safari-driver/4.0.0-alpha-7/selenium-safari-driver-4.0.0-alpha-7.jar:/Users/busra.ozdemir/.m2/repository/org/seleniumhq/selenium/selenium-support/4.0.0-alpha-7/selenium-support-4.0.0-alpha-7.jar:/Users/busra.ozdemir/.m2/repository/io/github/bonigarcia/webdrivermanager/4.2.2/webdrivermanager-4.2.2.jar:/Users/busra.ozdemir/.m2/repository/org/slf4j/slf4j-api/1.7.30/slf4j-api-1.7.30.jar:/Users/busra.ozdemir/.m2/repository/commons-io/commons-io/2.8.0/commons-io-2.8.0.jar:/Users/busra.ozdemir/.m2/repository/com/google/code/gson/gson/2.8.6/gson-2.8.6.jar:/Users/busra.ozdemir/.m2/repository/org/apache/commons/commons-lang3/3.11/commons-lang3-3.11.jar:/Users/busra.ozdemir/.m2/repository/org/apache/httpcomponents/client5/httpclient5/5.0.1/httpclient5-5.0.1.jar:/Users/busra.ozdemir/.m2/repository/org/apache/httpcomponents/core5/httpcore5/5.0.1/httpcore5-5.0.1.jar:/Users/busra.ozdemir/.m2/repository/org/apache/httpcomponents/core5/httpcore5-h2/5.0.1/httpcore5-h2-5.0.1.jar:/Users/busra.ozdemir/.m2/repository/commons-codec/commons-codec/1.13/commons-codec-1.13.jar:/Users/busra.ozdemir/.m2/repository/org/rauschig/jarchivelib/1.1.0/jarchivelib-1.1.0.jar:/Users/busra.ozdemir/.m2/repository/org/apache/commons/commons-compress/1.20/commons-compress-1.20.jar:/Users/busra.ozdemir/.m2/repository/org/jsoup/jsoup/1.13.1/jsoup-1.13.1.jar:/Users/busra.ozdemir/.m2/repository/tech/grasshopper/extentreports-cucumber6-adapter/2.5.0/extentreports-cucumber6-adapter-2.5.0.jar:/Users/busra.ozdemir/.m2/repository/com/aventstack/extentreports/5.0.5/extentreports-5.0.5.jar:/Users/busra.ozdemir/.m2/repository/io/reactivex/rxjava3/rxjava/3.0.4/rxjava-3.0.4.jar:/Users/busra.ozdemir/.m2/repository/org/freemarker/freemarker/2.3.30/freemarker-2.3.30.jar:/Users/busra.ozdemir/.m2/repository/org/projectlombok/lombok/1.18.12/lombok-1.18.12.jar:/Users/busra.ozdemir/.m2/repository/tech/grasshopper/extent-pdf-report/1.3.0/extent-pdf-report-1.3.0.jar:/Users/busra.ozdemir/.m2/repository/tech/grasshopper/cucumber-pdf-report/1.6.0/cucumber-pdf-report-1.6.0.jar:/Users/busra.ozdemir/.m2/repository/org/apache/pdfbox/pdfbox/2.0.21/pdfbox-2.0.21.jar:/Users/busra.ozdemir/.m2/repository/org/apache/pdfbox/fontbox/2.0.21/fontbox-2.0.21.jar:/Users/busra.ozdemir/.m2/repository/org/knowm/xchart/xchart/3.6.5/xchart-3.6.5.jar:/Users/busra.ozdemir/.m2/repository/de/erichseifert/vectorgraphics2d/VectorGraphics2D/0.13/VectorGraphics2D-0.13.jar:/Users/busra.ozdemir/.m2/repository/de/rototor/pdfbox/graphics2d/0.27/graphics2d-0.27.jar:/Users/busra.ozdemir/.m2/repository/com/madgag/animated-gif-lib/1.4/animated-gif-lib-1.4.jar:/Users/busra.ozdemir/.m2/repository/com/github/vandeseer/easytable/0.7.1/easytable-0.7.1.jar:/Users/busra.ozdemir/.m2/repository/com/github/ralfstuckert/pdfbox-layout/pdfbox2-layout/1.0.0/pdfbox2-layout-1.0.0.jar:/Users/busra.ozdemir/.m2/repository/org/yaml/snakeyaml/1.27/snakeyaml-1.27.jar:/Users/busra.ozdemir/.m2/repository/com/aventstack/klov-reporter/5.0.5/klov-reporter-5.0.5.jar:/Users/busra.ozdemir/.m2/repository/org/mongodb/bson/3.6.4/bson-3.6.4.jar:/Users/busra.ozdemir/.m2/repository/org/apache/httpcomponents/httpclient/4.5.2/httpclient-4.5.2.jar:/Users/busra.ozdemir/.m2/repository/org/apache/httpcomponents/httpcore/4.4.4/httpcore-4.4.4.jar:/Users/busra.ozdemir/.m2/repository/commons-logging/commons-logging/1.2/commons-logging-1.2.jar:/Users/busra.ozdemir/.m2/repository/org/apache/httpcomponents/httpmime/4.5.2/httpmime-4.5.2.jar:/Users/busra.ozdemir/.m2/repository/org/mongodb/mongodb-driver/3.3.0/mongodb-driver-3.3.0.jar:/Users/busra.ozdemir/.m2/repository/org/mongodb/mongodb-driver-core/3.3.0/mongodb-driver-core-3.3.0.jar:"/>
    <property name="sun.cpu.endian" value="little"/>
    <property name="user.home" value="/Users/busra.ozdemir"/>
    <property name="user.language" value="en"/>
    <property name="java.specification.vendor" value="Oracle Corporation"/>
    <property name="java.home" value="/Library/Java/JavaVirtualMachines/jdk1.8.0_201.jdk/Contents/Home/jre"/>
    <property name="basedir" value="/Users/busra.ozdemir/Music/testcucumber1"/>
    <property name="file.separator" value="/"/>
    <property name="line.separator" value="&#10;"/>
    <property name="java.vm.specification.vendor" value="Oracle Corporation"/>
    <property name="java.specification.name" value="Java Platform API Specification"/>
    <property name="java.awt.graphicsenv" value="sun.awt.CGraphicsEnvironment"/>
    <property name="surefire.real.class.path" value="/Users/busra.ozdemir/Music/testcucumber1/target/surefire/surefirebooter8771070104799245588.jar"/>
    <property name="sun.boot.class.path" value="/Library/Java/JavaVirtualMachines/jdk1.8.0_201.jdk/Contents/Home/jre/lib/resources.jar:/Library/Java/JavaVirtualMachines/jdk1.8.0_201.jdk/Contents/Home/jre/lib/rt.jar:/Library/Java/JavaVirtualMachines/jdk1.8.0_201.jdk/Contents/Home/jre/lib/sunrsasign.jar:/Library/Java/JavaVirtualMachines/jdk1.8.0_201.jdk/Contents/Home/jre/lib/jsse.jar:/Library/Java/JavaVirtualMachines/jdk1.8.0_201.jdk/Contents/Home/jre/lib/jce.jar:/Library/Java/JavaVirtualMachines/jdk1.8.0_201.jdk/Contents/Home/jre/lib/charsets.jar:/Library/Java/JavaVirtualMachines/jdk1.8.0_201.jdk/Contents/Home/jre/lib/jfr.jar:/Library/Java/JavaVirtualMachines/jdk1.8.0_201.jdk/Contents/Home/jre/classes"/>
    <property name="sun.management.compiler" value="HotSpot 64-Bit Tiered Compilers"/>
    <property name="ftp.nonProxyHosts" value="local|*.local|169.254/16|*.169.254/16"/>
    <property name="java.runtime.version" value="1.8.0_201-b09"/>
    <property name="user.name" value="busra.ozdemir"/>
    <property name="path.separator" value=":"/>
    <property name="os.version" value="10.14.5"/>
    <property name="java.endorsed.dirs" value="/Library/Java/JavaVirtualMachines/jdk1.8.0_201.jdk/Contents/Home/jre/lib/endorsed"/>
    <property name="java.runtime.name" value="Java(TM) SE Runtime Environment"/>
    <property name="file.encoding" value="UTF-8"/>
    <property name="sun.nio.ch.bugLevel" value=""/>
    <property name="java.vm.name" value="Java HotSpot(TM) 64-Bit Server VM"/>
    <property name="localRepository" value="/Users/busra.ozdemir/.m2/repository"/>
    <property name="java.vendor.url.bug" value="http://bugreport.sun.com/bugreport/"/>
    <property name="java.io.tmpdir" value="/var/folders/0r/qt7_m72n1tv2n9mmtytv7_pr0000gp/T/"/>
    <property name="java.version" value="1.8.0_201"/>
    <property name="user.dir" value="/Users/busra.ozdemir/Music/testcucumber1"/>
    <property name="os.arch" value="x86_64"/>
    <property name="java.vm.specification.name" value="Java Virtual Machine Specification"/>
    <property name="java.awt.printerjob" value="sun.lwawt.macosx.CPrinterJob"/>
    <property name="sun.os.patch.level" value="unknown"/>
    <property name="java.library.path" value="/Users/busra.ozdemir/Library/Java/Extensions:/Library/Java/Extensions:/Network/Library/Java/Extensions:/System/Library/Java/Extensions:/usr/lib/java:."/>
    <property name="java.vm.info" value="mixed mode"/>
    <property name="java.vendor" value="Oracle Corporation"/>
    <property name="java.vm.version" value="25.201-b09"/>
    <property name="java.ext.dirs" value="/Users/busra.ozdemir/Library/Java/Extensions:/Library/Java/JavaVirtualMachines/jdk1.8.0_201.jdk/Contents/Home/jre/lib/ext:/Library/Java/Extensions:/Network/Library/Java/Extensions:/System/Library/Java/Extensions:/usr/lib/java"/>
    <property name="sun.io.unicode.encoding" value="UnicodeBig"/>
    <property name="java.class.version" value="52.0"/>
    <property name="socksNonProxyHosts" value="local|*.local|169.254/16|*.169.254/16"/>
  </properties>
  <testcase name="AddedFavoriteRestaurant - Added Favorite Restaurant Success" classname="Web - Added Favorite Restaurant" time="34.796">
    <error message="no such element: Unable to locate element: {&quot;method&quot;:&quot;xpath&quot;,&quot;selector&quot;:&quot;//*[@class=&apos;social-button favorite-button add active&apos;]&quot;}&#10;  (Session info: chrome=80.0.3987.132)&#10;For documentation on this error, please visit: https://selenium.dev/exceptions/#no_such_element&#10;Build info: version: &apos;4.0.0-alpha-7&apos;, revision: &apos;de8579b6d5&apos;&#10;System info: host: &apos;Mac110903&apos;, ip: &apos;fe80:0:0:0:18ac:6a8a:e21a:ee73%en0&apos;, os.name: &apos;Mac OS X&apos;, os.arch: &apos;x86_64&apos;, os.version: &apos;10.14.5&apos;, java.version: &apos;1.8.0_201&apos;&#10;Driver info: org.openqa.selenium.chrome.ChromeDriver&#10;Capabilities {acceptInsecureCerts: false, browserName: chrome, browserVersion: 80.0.3987.132, chrome: {chromedriverVersion: 80.0.3987.106 (f68069574609..., userDataDir: /var/folders/0r/qt7_m72n1tv...}, goog:chromeOptions: {debuggerAddress: localhost:61807}, javascriptEnabled: true, networkConnectionEnabled: false, pageLoadStrategy: normal, platform: MAC, platformName: MAC, proxy: Proxy(), setWindowRect: true, strictFileInteractability: false, timeouts: {implicit: 0, pageLoad: 300000, script: 30000}, unhandledPromptBehavior: dismiss and notify}&#10;Session ID: 2cd25b5896f2b8c240b2021eeae51599&#10;*** Element info: {Using=xpath, value=//*[@class=&apos;social-button favorite-button add active&apos;]}" type="org.openqa.selenium.NoSuchElementException"><![CDATA[org.openqa.selenium.NoSuchElementException: 
no such element: Unable to locate element: {"method":"xpath","selector":"//*[@class='social-button favorite-button add active']"}
  (Session info: chrome=80.0.3987.132)
For documentation on this error, please visit: https://selenium.dev/exceptions/#no_such_element
Build info: version: '4.0.0-alpha-7', revision: 'de8579b6d5'
System info: host: 'Mac110903', ip: 'fe80:0:0:0:18ac:6a8a:e21a:ee73%en0', os.name: 'Mac OS X', os.arch: 'x86_64', os.version: '10.14.5', java.version: '1.8.0_201'
Driver info: org.openqa.selenium.chrome.ChromeDriver
Capabilities {acceptInsecureCerts: false, browserName: chrome, browserVersion: 80.0.3987.132, chrome: {chromedriverVersion: 80.0.3987.106 (f68069574609..., userDataDir: /var/folders/0r/qt7_m72n1tv...}, goog:chromeOptions: {debuggerAddress: localhost:61807}, javascriptEnabled: true, networkConnectionEnabled: false, pageLoadStrategy: normal, platform: MAC, platformName: MAC, proxy: Proxy(), setWindowRect: true, strictFileInteractability: false, timeouts: {implicit: 0, pageLoad: 300000, script: 30000}, unhandledPromptBehavior: dismiss and notify}
Session ID: 2cd25b5896f2b8c240b2021eeae51599
*** Element info: {Using=xpath, value=//*[@class='social-button favorite-button add active']}
]]></error>
    <system-out><![CDATA[Jun 15, 2021 5:26:18 PM tech.grasshopper.pdf.PDFCucumberReport collectReportConfiguration
INFO: PDF report configuration not found. Using default settings.

Jun 15, 2021 5:26:21 PM tech.grasshopper.pdf.extent.ExtentPDFCucumberReporter flush
SEVERE: An exception occurred
java.lang.IllegalArgumentException: U+0131 ('dotlessi') is not available in this font Helvetica-Oblique encoding: WinAnsiEncoding
	at org.apache.pdfbox.pdmodel.font.PDType1Font.encode(PDType1Font.java:418)
	at org.apache.pdfbox.pdmodel.font.PDFont.encode(PDFont.java:332)
	at org.apache.pdfbox.pdmodel.font.PDFont.getStringWidth(PDFont.java:363)
	at tech.grasshopper.pdf.optimizer.TextLengthOptimizer.doesTextFitInSpace(TextLengthOptimizer.java:41)
	at tech.grasshopper.pdf.optimizer.TextLengthOptimizer.optimizeText(TextLengthOptimizer.java:50)
	at tech.grasshopper.pdf.chapter.detailed.StepOrHookRow.generateName(StepOrHookRow.java:80)
	at tech.grasshopper.pdf.chapter.detailed.StepRow.generateTextOutput(StepRow.java:25)
	at tech.grasshopper.pdf.chapter.detailed.StepOrHookRow.generateRow(StepOrHookRow.java:45)
	at tech.grasshopper.pdf.chapter.detailed.DetailedRowComponent.display(DetailedRowComponent.java:83)
	at tech.grasshopper.pdf.chapter.detailed.DetailedPage.lambda$0(DetailedPage.java:42)
	at java.util.ArrayList.forEach(ArrayList.java:1257)
	at tech.grasshopper.pdf.chapter.detailed.DetailedPage.createPage(DetailedPage.java:39)
	at tech.grasshopper.pdf.chapter.detailed.DetailedChapter.sendToPage(DetailedChapter.java:115)
	at tech.grasshopper.pdf.chapter.detailed.DetailedChapter.createAndSendPageData(DetailedChapter.java:50)
	at tech.grasshopper.pdf.chapter.detailed.DetailedChapter.createChapter(DetailedChapter.java:28)
	at tech.grasshopper.pdf.PDFCucumberReport.lambda$0(PDFCucumberReport.java:98)
	at java.util.ArrayList.forEach(ArrayList.java:1257)
	at tech.grasshopper.pdf.PDFCucumberReport.createReport(PDFCucumberReport.java:98)
	at tech.grasshopper.pdf.extent.ExtentPDFCucumberReporter.flush(ExtentPDFCucumberReporter.java:66)
	at tech.grasshopper.pdf.extent.ExtentPDFCucumberReporter.access$100(ExtentPDFCucumberReporter.java:17)
	at tech.grasshopper.pdf.extent.ExtentPDFCucumberReporter$1.onNext(ExtentPDFCucumberReporter.java:42)
	at tech.grasshopper.pdf.extent.ExtentPDFCucumberReporter$1.onNext(ExtentPDFCucumberReporter.java:35)
	at io.reactivex.rxjava3.subjects.PublishSubject$PublishDisposable.onNext(PublishSubject.java:310)
	at io.reactivex.rxjava3.subjects.PublishSubject.onNext(PublishSubject.java:226)
	at com.aventstack.extentreports.ReactiveSubject.onFlush(ReactiveSubject.java:83)
	at com.aventstack.extentreports.AbstractProcessor.onFlush(AbstractProcessor.java:85)
	at com.aventstack.extentreports.ExtentReports.flush(ExtentReports.java:284)
	at com.aventstack.extentreports.cucumber.adapter.ExtentCucumberAdapter.finishReport(ExtentCucumberAdapter.java:281)
	at com.aventstack.extentreports.cucumber.adapter.ExtentCucumberAdapter.access$600(ExtentCucumberAdapter.java:59)
	at com.aventstack.extentreports.cucumber.adapter.ExtentCucumberAdapter$8.receive(ExtentCucumberAdapter.java:128)
	at com.aventstack.extentreports.cucumber.adapter.ExtentCucumberAdapter$8.receive(ExtentCucumberAdapter.java:125)
	at io.cucumber.core.eventbus.AbstractEventPublisher.send(AbstractEventPublisher.java:51)
	at io.cucumber.core.eventbus.AbstractEventBus.send(AbstractEventBus.java:12)
	at io.cucumber.core.runtime.CucumberExecutionContext.emitTestRunFinished(CucumberExecutionContext.java:93)
	at io.cucumber.core.runtime.CucumberExecutionContext.finishTestRun(CucumberExecutionContext.java:74)
	at io.cucumber.junit.Cucumber$RunCucumber.evaluate(Cucumber.java:236)
	at org.junit.runners.ParentRunner$3.evaluate(ParentRunner.java:306)
	at org.junit.runners.ParentRunner.run(ParentRunner.java:413)
	at org.junit.runners.Suite.runChild(Suite.java:128)
	at org.junit.runners.Suite.runChild(Suite.java:27)
	at org.junit.runners.ParentRunner$4.run(ParentRunner.java:331)
	at org.apache.maven.surefire.junitcore.pc.Scheduler$1.run(Scheduler.java:405)
	at org.apache.maven.surefire.junitcore.pc.InvokerStrategy.schedule(InvokerStrategy.java:54)
	at org.apache.maven.surefire.junitcore.pc.Scheduler.schedule(Scheduler.java:362)
	at org.junit.runners.ParentRunner.runChildren(ParentRunner.java:329)
	at org.junit.runners.ParentRunner.access$100(ParentRunner.java:66)
	at org.junit.runners.ParentRunner$2.evaluate(ParentRunner.java:293)
	at org.junit.runners.ParentRunner$3.evaluate(ParentRunner.java:306)
	at org.junit.runners.ParentRunner.run(ParentRunner.java:413)
	at org.junit.runners.Suite.runChild(Suite.java:128)
	at org.junit.runners.Suite.runChild(Suite.java:27)
	at org.junit.runners.ParentRunner$4.run(ParentRunner.java:331)
	at org.apache.maven.surefire.junitcore.pc.Scheduler$1.run(Scheduler.java:405)
	at org.apache.maven.surefire.junitcore.pc.InvokerStrategy.schedule(InvokerStrategy.java:54)
	at org.apache.maven.surefire.junitcore.pc.Scheduler.schedule(Scheduler.java:362)
	at org.junit.runners.ParentRunner.runChildren(ParentRunner.java:329)
	at org.junit.runners.ParentRunner.access$100(ParentRunner.java:66)
	at org.junit.runners.ParentRunner$2.evaluate(ParentRunner.java:293)
	at org.junit.runners.ParentRunner$3.evaluate(ParentRunner.java:306)
	at org.junit.runners.ParentRunner.run(ParentRunner.java:413)
	at org.apache.maven.surefire.junitcore.pc.ParallelComputerBuilder$PC$1.run(ParallelComputerBuilder.java:590)
	at org.apache.maven.surefire.junitcore.JUnitCore.run(JUnitCore.java:55)
	at org.apache.maven.surefire.junitcore.JUnitCoreWrapper.createRequestAndRun(JUnitCoreWrapper.java:137)
	at org.apache.maven.surefire.junitcore.JUnitCoreWrapper.executeEager(JUnitCoreWrapper.java:107)
	at org.apache.maven.surefire.junitcore.JUnitCoreWrapper.execute(JUnitCoreWrapper.java:83)
	at org.apache.maven.surefire.junitcore.JUnitCoreWrapper.execute(JUnitCoreWrapper.java:75)
	at org.apache.maven.surefire.junitcore.JUnitCoreProvider.invoke(JUnitCoreProvider.java:157)
	at org.apache.maven.surefire.booter.ForkedBooter.runSuitesInProcess(ForkedBooter.java:428)
	at org.apache.maven.surefire.booter.ForkedBooter.execute(ForkedBooter.java:162)
	at org.apache.maven.surefire.booter.ForkedBooter.run(ForkedBooter.java:562)
	at org.apache.maven.surefire.booter.ForkedBooter.main(ForkedBooter.java:548)


Jun 15, 2021 5:26:21 PM org.apache.pdfbox.cos.COSDocument finalize
WARNING: Warning: You did not close a PDF Document

&amp#27;[32m&amp#27;[1m┌──────────────────────────────────────────────────────────────────────────┐&amp#27;[0m
&amp#27;[32m&amp#27;[1m│&amp#27;[0m View your Cucumber Report at:                                            &amp#27;[32m&amp#27;[1m│&amp#27;[0m
&amp#27;[32m&amp#27;[1m│&amp#27;[0m &amp#27;[1m&amp#27;[36m&amp#27;[4mhttps://reports.cucumber.io/reports/67e8720c-2a93-4cf5-9d43-ddf18336320f&amp#27;[0m &amp#27;[32m&amp#27;[1m│&amp#27;[0m
&amp#27;[32m&amp#27;[1m│&amp#27;[0m                                                                          &amp#27;[32m&amp#27;[1m│&amp#27;[0m
&amp#27;[32m&amp#27;[1m│&amp#27;[0m &amp#27;[1mThis report will self-destruct in 24h.&amp#27;[0m                                   &amp#27;[32m&amp#27;[1m│&amp#27;[0m
&amp#27;[32m&amp#27;[1m│&amp#27;[0m Keep reports forever: &amp#27;[4m&amp#27;[1m&amp#27;[36mhttps://reports.cucumber.io/profile&amp#27;[0m                &amp#27;[32m&amp#27;[1m│&amp#27;[0m
&amp#27;[32m&amp#27;[1m└──────────────────────────────────────────────────────────────────────────┘&amp#27;[0m

@web @myFavorite
Scenario: AddedFavoriteRestaurant - Added Favorite Restaurant Success &amp#27;[90m# src/test/resources/features/my_favorite_restaurant/added_my_favorite_restaurant.feature:4&amp#27;[0m
  &amp#27;[32mGiven &amp#27;[0m&amp#27;[32mYS User open the Login Page&amp#27;[0m                                   &amp#27;[90m# stepdefinitions.login.LoginSteps.ysUserOpenTheLoginPage()&amp#27;[0m
  &amp#27;[32mAnd &amp#27;[0m&amp#27;[32mYS User try to login&amp#27;[0m                                            &amp#27;[90m# stepdefinitions.login.LoginSteps.ysUserTryToLogin(java.util.List<java.util.Map<java.lang.String, java.lang.String>>)&amp#27;[0m
  &amp#27;[32mThen &amp#27;[0m&amp#27;[32mYS User should logged-in&amp#27;[0m                                       &amp#27;[90m# stepdefinitions.login.LoginSteps.ysUserShouldLoggedIn()&amp#27;[0m
  &amp#27;[32mAnd &amp#27;[0m&amp#27;[32mYS User close banabi popup&amp#27;[0m                                      &amp#27;[90m# stepdefinitions.myfavorite.MyFavoriteSteps.ysUserCloseBanabiPopup()&amp#27;[0m
  &amp#27;[32mAnd &amp#27;[0m&amp#27;[32mYS User choose location &amp#27;[0m&amp#27;[32m&amp#27;[1m"Merkez (Şirinevler Mah.)"&amp#27;[0m              &amp#27;[90m# stepdefinitions.myfavorite.MyFavoriteSteps.ysUserChooseLocation(java.lang.String)&amp#27;[0m
  &amp#27;[32mAnd &amp#27;[0m&amp#27;[32mYS User search &amp#27;[0m&amp#27;[32m&amp#27;[1m"döner"&amp#27;[0m                                          &amp#27;[90m# stepdefinitions.myfavorite.MyFavoriteSteps.ysUserSearch(java.lang.String)&amp#27;[0m
  &amp#27;[32mAnd &amp#27;[0m&amp#27;[32mYS User click first restaurant&amp#27;[0m                                  &amp#27;[90m# stepdefinitions.myfavorite.MyFavoriteSteps.ysUserClickFirstRestaurant()&amp#27;[0m
No success!
No success!
No success!
No success!
No success!
No success!
No success!
No success!
No success!
No success!
No success!
No success!
No success!
No success!
No success!
  &amp#27;[31mAnd &amp#27;[0m&amp#27;[31mYS User click added my favorite restaurant&amp#27;[0m                      &amp#27;[90m# stepdefinitions.myfavorite.MyFavoriteSteps.ysUserClickAddedMyFavoriteRestaurant()&amp#27;[0m
      &amp#27;[31morg.openqa.selenium.NoSuchElementException: no such element: Unable to locate element: {"method":"xpath","selector":"//*[@class='social-button favorite-button add active']"}
  (Session info: chrome=80.0.3987.132)
For documentation on this error, please visit: https://selenium.dev/exceptions/#no_such_element
Build info: version: '4.0.0-alpha-7', revision: 'de8579b6d5'
System info: host: 'Mac110903', ip: 'fe80:0:0:0:18ac:6a8a:e21a:ee73%en0', os.name: 'Mac OS X', os.arch: 'x86_64', os.version: '10.14.5', java.version: '1.8.0_201'
Driver info: org.openqa.selenium.chrome.ChromeDriver
Capabilities {acceptInsecureCerts: false, browserName: chrome, browserVersion: 80.0.3987.132, chrome: {chromedriverVersion: 80.0.3987.106 (f68069574609..., userDataDir: /var/folders/0r/qt7_m72n1tv...}, goog:chromeOptions: {debuggerAddress: localhost:61807}, javascriptEnabled: true, networkConnectionEnabled: false, pageLoadStrategy: normal, platform: MAC, platformName: MAC, proxy: Proxy(), setWindowRect: true, strictFileInteractability: false, timeouts: {implicit: 0, pageLoad: 300000, script: 30000}, unhandledPromptBehavior: dismiss and notify}
Session ID: 2cd25b5896f2b8c240b2021eeae51599
*** Element info: {Using=xpath, value=//*[@class='social-button favorite-button add active']}
	at sun.reflect.NativeConstructorAccessorImpl.newInstance0(Native Method)
	at sun.reflect.NativeConstructorAccessorImpl.newInstance(NativeConstructorAccessorImpl.java:62)
	at sun.reflect.DelegatingConstructorAccessorImpl.newInstance(DelegatingConstructorAccessorImpl.java:45)
	at java.lang.reflect.Constructor.newInstance(Constructor.java:423)
	at org.openqa.selenium.remote.codec.w3c.W3CHttpResponseCodec.createException(W3CHttpResponseCodec.java:196)
	at org.openqa.selenium.remote.codec.w3c.W3CHttpResponseCodec.decode(W3CHttpResponseCodec.java:129)
	at org.openqa.selenium.remote.codec.w3c.W3CHttpResponseCodec.decode(W3CHttpResponseCodec.java:53)
	at org.openqa.selenium.remote.HttpCommandExecutor.execute(HttpCommandExecutor.java:167)
	at org.openqa.selenium.remote.service.DriverCommandExecutor.execute(DriverCommandExecutor.java:123)
	at org.openqa.selenium.remote.RemoteWebDriver.execute(RemoteWebDriver.java:501)
	at org.openqa.selenium.remote.RemoteWebDriver.findElement(RemoteWebDriver.java:332)
	at org.openqa.selenium.By$ByXPath.findElement(By.java:379)
	at org.openqa.selenium.remote.RemoteWebDriver.findElement(RemoteWebDriver.java:312)
	at utils.ElementUtils.onClick(ElementUtils.java:19)
	at pages.myfavorite.MyFavoritePage.clickAddedMyFavorite(MyFavoritePage.java:51)
	at stepdefinitions.myfavorite.MyFavoriteSteps.ysUserClickAddedMyFavoriteRestaurant(MyFavoriteSteps.java:45)
	at ✽.YS User click added my favorite restaurant(file:///Users/busra.ozdemir/Music/testcucumber1/src/test/resources/features/my_favorite_restaurant/added_my_favorite_restaurant.feature:14)
&amp#27;[0m
  &amp#27;[36mThen &amp#27;[0m&amp#27;[36mYS User should have &amp#27;[0m&amp#27;[36m&amp#27;[1m"Favorilerden Çıkar"&amp#27;[0m                       &amp#27;[90m# stepdefinitions.myfavorite.MyFavoriteSteps.ysUserShouldHave(java.lang.String)&amp#27;[0m

    Embedding AddedFavoriteRestaurant_-_Added_Favorite_Restaurant_Success [image/png 619306 bytes]

]]></system-out>
    <system-err><![CDATA[SLF4J: Failed to load class "org.slf4j.impl.StaticLoggerBinder".
SLF4J: Defaulting to no-operation (NOP) logger implementation
SLF4J: See http://www.slf4j.org/codes.html#StaticLoggerBinder for further details.
Starting ChromeDriver 80.0.3987.106 (f68069574609230cf9b635cd784cfb1bf81bb53a-refs/branch-heads/3987@{#882}) on port 34165
Only local connections are allowed.
Please protect ports used by ChromeDriver and related test frameworks to prevent access by malicious code.
[1623767126.969][WARNING]: FromSockAddr failed on netmask
Jun 15, 2021 5:25:29 PM org.openqa.selenium.remote.ProtocolHandshake createSession
INFO: Detected dialect: W3C
Jun 15, 2021 5:25:29 PM org.openqa.selenium.devtools.CdpVersionFinder findNearestMatch
WARNING: Unable to find an exact match for CDP version 80, so returning the closest version found: a no-op implementation
Jun 15, 2021 5:25:29 PM org.openqa.selenium.devtools.CdpVersionFinder findNearestMatch
INFO: Unable to find CDP implementation matching 80.
Jun 15, 2021 5:25:29 PM org.openqa.selenium.chromium.ChromiumDriver lambda$new$0
WARNING: Unable to find version of CDP to use for . You may need to include a dependency on a specific version of the CDP using something similar to `org.seleniumhq.selenium:selenium-devtools-v86:4.0.0-alpha-7` where the version ("v86") matches the version of the chromium-based browser you're using and the version number of the artifact is the same as Selenium's.
[1623767130.444][SEVERE]: Timed out receiving message from renderer: 0.100
[1623767130.558][SEVERE]: Timed out receiving message from renderer: 0.100
[1623767130.659][SEVERE]: Timed out receiving message from renderer: 0.100
[1623767130.760][SEVERE]: Timed out receiving message from renderer: 0.100
[1623767130.861][SEVERE]: Timed out receiving message from renderer: 0.100
[1623767131.260][SEVERE]: Timed out receiving message from renderer: 0.100
[1623767131.420][SEVERE]: Timed out receiving message from renderer: 0.100
[1623767131.530][SEVERE]: Timed out receiving message from renderer: 0.100
[1623767131.683][SEVERE]: Timed out receiving message from renderer: 0.100
[1623767131.784][SEVERE]: Timed out receiving message from renderer: 0.100
[1623767131.886][SEVERE]: Timed out receiving message from renderer: 0.100
[1623767132.106][SEVERE]: Timed out receiving message from renderer: 0.100
[1623767132.231][SEVERE]: Timed out receiving message from renderer: 0.100
[1623767132.332][SEVERE]: Timed out receiving message from renderer: 0.100
[1623767132.433][SEVERE]: Timed out receiving message from renderer: 0.100
[1623767132.534][SEVERE]: Timed out receiving message from renderer: 0.100
[1623767132.635][SEVERE]: Timed out receiving message from renderer: 0.100
[1623767132.736][SEVERE]: Timed out receiving message from renderer: 0.100
[1623767132.837][SEVERE]: Timed out receiving message from renderer: 0.100
[1623767132.938][SEVERE]: Timed out receiving message from renderer: 0.100
[1623767133.039][SEVERE]: Timed out receiving message from renderer: 0.100
[1623767133.140][SEVERE]: Timed out receiving message from renderer: 0.100
[1623767133.241][SEVERE]: Timed out receiving message from renderer: 0.100
[1623767133.342][SEVERE]: Timed out receiving message from renderer: 0.100
[1623767133.443][SEVERE]: Timed out receiving message from renderer: 0.100
[1623767133.545][SEVERE]: Timed out receiving message from renderer: 0.100
[1623767133.646][SEVERE]: Timed out receiving message from renderer: 0.100
[1623767133.747][SEVERE]: Timed out receiving message from renderer: 0.100
[1623767133.848][SEVERE]: Timed out receiving message from renderer: 0.100
[1623767134.645][SEVERE]: Timed out receiving message from renderer: 0.100
[1623767134.746][SEVERE]: Timed out receiving message from renderer: 0.100
[1623767134.847][SEVERE]: Timed out receiving message from renderer: 0.100
[1623767134.948][SEVERE]: Timed out receiving message from renderer: 0.100
[1623767135.049][SEVERE]: Timed out receiving message from renderer: 0.100
[1623767135.151][SEVERE]: Timed out receiving message from renderer: 0.100
[1623767135.252][SEVERE]: Timed out receiving message from renderer: 0.100
[1623767135.353][SEVERE]: Timed out receiving message from renderer: 0.100
[1623767135.454][SEVERE]: Timed out receiving message from renderer: 0.100
[1623767135.573][SEVERE]: Timed out receiving message from renderer: 0.100
[1623767135.674][SEVERE]: Timed out receiving message from renderer: 0.100
[1623767135.776][SEVERE]: Timed out receiving message from renderer: 0.100
[1623767135.877][SEVERE]: Timed out receiving message from renderer: 0.100
[1623767135.978][SEVERE]: Timed out receiving message from renderer: 0.100
[1623767136.137][SEVERE]: Timed out receiving message from renderer: 0.100
[1623767136.239][SEVERE]: Timed out receiving message from renderer: 0.100
[1623767136.341][SEVERE]: Timed out receiving message from renderer: 0.100
[1623767140.309][SEVERE]: Timed out receiving message from renderer: 0.100
[1623767140.410][SEVERE]: Timed out receiving message from renderer: 0.100
[1623767140.511][SEVERE]: Timed out receiving message from renderer: 0.100
[1623767140.650][SEVERE]: Timed out receiving message from renderer: 0.100
[1623767140.800][SEVERE]: Timed out receiving message from renderer: 0.100
[1623767147.642][SEVERE]: Timed out receiving message from renderer: 0.100
[1623767147.743][SEVERE]: Timed out receiving message from renderer: 0.100
[1623767147.845][SEVERE]: Timed out receiving message from renderer: 0.100
[1623767147.949][SEVERE]: Timed out receiving message from renderer: 0.100
[1623767148.303][SEVERE]: Timed out receiving message from renderer: 0.100
[1623767148.404][SEVERE]: Timed out receiving message from renderer: 0.100
[1623767152.459][SEVERE]: Timed out receiving message from renderer: 0.100
[1623767152.630][SEVERE]: Timed out receiving message from renderer: 0.100
[1623767152.732][SEVERE]: Timed out receiving message from renderer: 0.100
[1623767153.043][SEVERE]: Timed out receiving message from renderer: 0.100
]]></system-err>
  </testcase>
</testsuite>