<?xml version="1.0" encoding="UTF-8"?>
<testsuite xmlns:xsi="http://www.w3.org/2001/XMLSchema-instance" xsi:noNamespaceSchemaLocation="https://maven.apache.org/surefire/maven-failsafe-plugin/xsd/failsafe-test-report-3.0.xsd" version="3.0" name="Web - Login" time="55.41" tests="5" errors="1" skipped="0" failures="1">
  <properties>
    <property name="gopherProxySet" value="false"/>
    <property name="awt.toolkit" value="sun.lwawt.macosx.LWCToolkit"/>
    <property name="java.specification.version" value="1.8"/>
    <property name="file.encoding.pkg" value="sun.io"/>
    <property name="webdriver.chrome.driver" value="/Users/busra.ozdemir/.cache/selenium/chromedriver/mac64/80.0.3987.106/chromedriver"/>
    <property name="sun.cpu.isalist" value=""/>
    <property name="sun.jnu.encoding" value="UTF-8"/>
    <property name="java.class.path" value="/Users/busra.ozdemir/Music/testcucumber1/target/test-classes:/Users/busra.ozdemir/Music/testcucumber1/target/deneme-1.0-SNAPSHOT.jar:/Users/busra.ozdemir/.m2/repository/io/cucumber/cucumber-java/6.9.1/cucumber-java-6.9.1.jar:/Users/busra.ozdemir/.m2/repository/io/cucumber/cucumber-core/6.9.1/cucumber-core-6.9.1.jar:/Users/busra.ozdemir/.m2/repository/io/cucumber/cucumber-gherkin/6.9.1/cucumber-gherkin-6.9.1.jar:/Users/busra.ozdemir/.m2/repository/io/cucumber/cucumber-gherkin-messages/6.9.1/cucumber-gherkin-messages-6.9.1.jar:/Users/busra.ozdemir/.m2/repository/io/cucumber/messages/13.2.1/messages-13.2.1.jar:/Users/busra.ozdemir/.m2/repository/io/cucumber/tag-expressions/3.0.0/tag-expressions-3.0.0.jar:/Users/busra.ozdemir/.m2/repository/io/cucumber/cucumber-expressions/10.3.0/cucumber-expressions-10.3.0.jar:/Users/busra.ozdemir/.m2/repository/io/cucumber/datatable/3.5.0/datatable-3.5.0.jar:/Users/busra.ozdemir/.m2/repository/io/cucumber/cucumber-plugin/6.9.1/cucumber-plugin-6.9.1.jar:/Users/busra.ozdemir/.m2/repository/io/cucumber/docstring/6.9.1/docstring-6.9.1.jar:/Users/busra.ozdemir/.m2/repository/io/cucumber/html-formatter/9.0.0/html-formatter-9.0.0.jar:/Users/busra.ozdemir/.m2/repository/io/cucumber/create-meta/2.0.4/create-meta-2.0.4.jar:/Users/busra.ozdemir/.m2/repository/org/apiguardian/apiguardian-api/1.1.0/apiguardian-api-1.1.0.jar:/Users/busra.ozdemir/.m2/repository/junit/junit/4.13.1/junit-4.13.1.jar:/Users/busra.ozdemir/.m2/repository/org/hamcrest/hamcrest-core/1.3/hamcrest-core-1.3.jar:/Users/busra.ozdemir/.m2/repository/io/cucumber/cucumber-junit/6.9.1/cucumber-junit-6.9.1.jar:/Users/busra.ozdemir/.m2/repository/org/seleniumhq/selenium/selenium-java/4.0.0-alpha-7/selenium-java-4.0.0-alpha-7.jar:/Users/busra.ozdemir/.m2/repository/org/seleniumhq/selenium/selenium-api/4.0.0-alpha-7/selenium-api-4.0.0-alpha-7.jar:/Users/busra.ozdemir/.m2/repository/org/seleniumhq/selenium/selenium-chrome-driver/4.0.0-alpha-7/selenium-chrome-driver-4.0.0-alpha-7.jar:/Users/busra.ozdemir/.m2/repository/com/google/auto/service/auto-service-annotations/1.0-rc7/auto-service-annotations-1.0-rc7.jar:/Users/busra.ozdemir/.m2/repository/com/google/auto/service/auto-service/1.0-rc7/auto-service-1.0-rc7.jar:/Users/busra.ozdemir/.m2/repository/com/google/auto/auto-common/0.10/auto-common-0.10.jar:/Users/busra.ozdemir/.m2/repository/com/google/guava/guava/30.0-jre/guava-30.0-jre.jar:/Users/busra.ozdemir/.m2/repository/com/google/guava/failureaccess/1.0.1/failureaccess-1.0.1.jar:/Users/busra.ozdemir/.m2/repository/com/google/guava/listenablefuture/9999.0-empty-to-avoid-conflict-with-guava/listenablefuture-9999.0-empty-to-avoid-conflict-with-guava.jar:/Users/busra.ozdemir/.m2/repository/com/google/code/findbugs/jsr305/3.0.2/jsr305-3.0.2.jar:/Users/busra.ozdemir/.m2/repository/org/checkerframework/checker-qual/3.5.0/checker-qual-3.5.0.jar:/Users/busra.ozdemir/.m2/repository/com/google/errorprone/error_prone_annotations/2.3.4/error_prone_annotations-2.3.4.jar:/Users/busra.ozdemir/.m2/repository/com/google/j2objc/j2objc-annotations/1.3/j2objc-annotations-1.3.jar:/Users/busra.ozdemir/.m2/repository/org/seleniumhq/selenium/selenium-chromium-driver/4.0.0-alpha-7/selenium-chromium-driver-4.0.0-alpha-7.jar:/Users/busra.ozdemir/.m2/repository/org/seleniumhq/selenium/selenium-devtools/4.0.0-alpha-7/selenium-devtools-4.0.0-alpha-7.jar:/Users/busra.ozdemir/.m2/repository/org/seleniumhq/selenium/selenium-http/4.0.0-alpha-7/selenium-http-4.0.0-alpha-7.jar:/Users/busra.ozdemir/.m2/repository/org/seleniumhq/selenium/selenium-json/4.0.0-alpha-7/selenium-json-4.0.0-alpha-7.jar:/Users/busra.ozdemir/.m2/repository/org/seleniumhq/selenium/selenium-devtools-v84/4.0.0-alpha-7/selenium-devtools-v84-4.0.0-alpha-7.jar:/Users/busra.ozdemir/.m2/repository/org/seleniumhq/selenium/selenium-devtools-v85/4.0.0-alpha-7/selenium-devtools-v85-4.0.0-alpha-7.jar:/Users/busra.ozdemir/.m2/repository/org/seleniumhq/selenium/selenium-devtools-v86/4.0.0-alpha-7/selenium-devtools-v86-4.0.0-alpha-7.jar:/Users/busra.ozdemir/.m2/repository/org/seleniumhq/selenium/selenium-devtools-v87/4.0.0-alpha-7/selenium-devtools-v87-4.0.0-alpha-7.jar:/Users/busra.ozdemir/.m2/repository/org/seleniumhq/selenium/selenium-edge-driver/4.0.0-alpha-7/selenium-edge-driver-4.0.0-alpha-7.jar:/Users/busra.ozdemir/.m2/repository/org/seleniumhq/selenium/selenium-edgehtml-driver/4.0.0-alpha-7/selenium-edgehtml-driver-4.0.0-alpha-7.jar:/Users/busra.ozdemir/.m2/repository/org/seleniumhq/selenium/selenium-firefox-driver/4.0.0-alpha-7/selenium-firefox-driver-4.0.0-alpha-7.jar:/Users/busra.ozdemir/.m2/repository/org/seleniumhq/selenium/selenium-firefox-xpi-driver/4.0.0-alpha-7/selenium-firefox-xpi-driver-4.0.0-alpha-7.jar:/Users/busra.ozdemir/.m2/repository/org/seleniumhq/selenium/selenium-ie-driver/4.0.0-alpha-7/selenium-ie-driver-4.0.0-alpha-7.jar:/Users/busra.ozdemir/.m2/repository/org/seleniumhq/selenium/selenium-opera-driver/4.0.0-alpha-7/selenium-opera-driver-4.0.0-alpha-7.jar:/Users/busra.ozdemir/.m2/repository/org/seleniumhq/selenium/selenium-remote-driver/4.0.0-alpha-7/selenium-remote-driver-4.0.0-alpha-7.jar:/Users/busra.ozdemir/.m2/repository/com/typesafe/netty/netty-reactive-streams/2.0.4/netty-reactive-streams-2.0.4.jar:/Users/busra.ozdemir/.m2/repository/io/netty/netty-handler/4.1.43.Final/netty-handler-4.1.43.Final.jar:/Users/busra.ozdemir/.m2/repository/org/reactivestreams/reactive-streams/1.0.3/reactive-streams-1.0.3.jar:/Users/busra.ozdemir/.m2/repository/io/grpc/grpc-context/1.32.1/grpc-context-1.32.1.jar:/Users/busra.ozdemir/.m2/repository/io/netty/netty-buffer/4.1.53.Final/netty-buffer-4.1.53.Final.jar:/Users/busra.ozdemir/.m2/repository/io/netty/netty-codec-http/4.1.53.Final/netty-codec-http-4.1.53.Final.jar:/Users/busra.ozdemir/.m2/repository/io/netty/netty-codec/4.1.53.Final/netty-codec-4.1.53.Final.jar:/Users/busra.ozdemir/.m2/repository/io/netty/netty-common/4.1.53.Final/netty-common-4.1.53.Final.jar:/Users/busra.ozdemir/.m2/repository/io/netty/netty-transport-native-epoll/4.1.53.Final/netty-transport-native-epoll-4.1.53.Final.jar:/Users/busra.ozdemir/.m2/repository/io/netty/netty-transport-native-epoll/4.1.53.Final/netty-transport-native-epoll-4.1.53.Final-linux-x86_64.jar:/Users/busra.ozdemir/.m2/repository/io/netty/netty-transport-native-kqueue/4.1.53.Final/netty-transport-native-kqueue-4.1.53.Final.jar:/Users/busra.ozdemir/.m2/repository/io/netty/netty-transport-native-kqueue/4.1.53.Final/netty-transport-native-kqueue-4.1.53.Final-osx-x86_64.jar:/Users/busra.ozdemir/.m2/repository/io/netty/netty-transport-native-unix-common/4.1.53.Final/netty-transport-native-unix-common-4.1.53.Final.jar:/Users/busra.ozdemir/.m2/repository/io/netty/netty-transport/4.1.53.Final/netty-transport-4.1.53.Final.jar:/Users/busra.ozdemir/.m2/repository/io/netty/netty-resolver/4.1.53.Final/netty-resolver-4.1.53.Final.jar:/Users/busra.ozdemir/.m2/repository/io/opentelemetry/opentelemetry-api/0.9.1/opentelemetry-api-0.9.1.jar:/Users/busra.ozdemir/.m2/repository/io/opentelemetry/opentelemetry-context-prop/0.9.1/opentelemetry-context-prop-0.9.1.jar:/Users/busra.ozdemir/.m2/repository/io/opentelemetry/opentelemetry-sdk/0.9.1/opentelemetry-sdk-0.9.1.jar:/Users/busra.ozdemir/.m2/repository/io/opentelemetry/opentelemetry-sdk-common/0.9.1/opentelemetry-sdk-common-0.9.1.jar:/Users/busra.ozdemir/.m2/repository/io/opentelemetry/opentelemetry-sdk-baggage/0.9.1/opentelemetry-sdk-baggage-0.9.1.jar:/Users/busra.ozdemir/.m2/repository/io/opentelemetry/opentelemetry-sdk-metrics/0.9.1/opentelemetry-sdk-metrics-0.9.1.jar:/Users/busra.ozdemir/.m2/repository/io/opentelemetry/opentelemetry-sdk-tracing/0.9.1/opentelemetry-sdk-tracing-0.9.1.jar:/Users/busra.ozdemir/.m2/repository/io/projectreactor/netty/reactor-netty-http/1.0.0/reactor-netty-http-1.0.0.jar:/Users/busra.ozdemir/.m2/repository/io/netty/netty-codec-http2/4.1.53.Final/netty-codec-http2-4.1.53.Final.jar:/Users/busra.ozdemir/.m2/repository/io/netty/netty-resolver-dns/4.1.53.Final/netty-resolver-dns-4.1.53.Final.jar:/Users/busra.ozdemir/.m2/repository/io/netty/netty-codec-dns/4.1.53.Final/netty-codec-dns-4.1.53.Final.jar:/Users/busra.ozdemir/.m2/repository/io/projectreactor/netty/reactor-netty-core/1.0.0/reactor-netty-core-1.0.0.jar:/Users/busra.ozdemir/.m2/repository/io/projectreactor/netty/reactor-netty/1.0.0/reactor-netty-1.0.0.jar:/Users/busra.ozdemir/.m2/repository/io/projectreactor/netty/reactor-netty-http-brave/1.0.0/reactor-netty-http-brave-1.0.0.jar:/Users/busra.ozdemir/.m2/repository/io/zipkin/brave/brave-instrumentation-http/5.12.7/brave-instrumentation-http-5.12.7.jar:/Users/busra.ozdemir/.m2/repository/io/zipkin/brave/brave/5.12.7/brave-5.12.7.jar:/Users/busra.ozdemir/.m2/repository/io/zipkin/reporter2/zipkin-reporter-brave/2.15.2/zipkin-reporter-brave-2.15.2.jar:/Users/busra.ozdemir/.m2/repository/io/zipkin/reporter2/zipkin-reporter/2.15.2/zipkin-reporter-2.15.2.jar:/Users/busra.ozdemir/.m2/repository/io/zipkin/zipkin2/zipkin/2.21.7/zipkin-2.21.7.jar:/Users/busra.ozdemir/.m2/repository/io/projectreactor/reactor-core/3.4.0/reactor-core-3.4.0.jar:/Users/busra.ozdemir/.m2/repository/net/bytebuddy/byte-buddy/1.10.18/byte-buddy-1.10.18.jar:/Users/busra.ozdemir/.m2/repository/org/apache/commons/commons-exec/1.3/commons-exec-1.3.jar:/Users/busra.ozdemir/.m2/repository/org/asynchttpclient/async-http-client/2.12.1/async-http-client-2.12.1.jar:/Users/busra.ozdemir/.m2/repository/org/asynchttpclient/async-http-client-netty-utils/2.12.1/async-http-client-netty-utils-2.12.1.jar:/Users/busra.ozdemir/.m2/repository/io/netty/netty-codec-socks/4.1.48.Final/netty-codec-socks-4.1.48.Final.jar:/Users/busra.ozdemir/.m2/repository/io/netty/netty-handler-proxy/4.1.48.Final/netty-handler-proxy-4.1.48.Final.jar:/Users/busra.ozdemir/.m2/repository/com/sun/activation/javax.activation/1.2.0/javax.activation-1.2.0.jar:/Users/busra.ozdemir/.m2/repository/org/seleniumhq/selenium/selenium-safari-driver/4.0.0-alpha-7/selenium-safari-driver-4.0.0-alpha-7.jar:/Users/busra.ozdemir/.m2/repository/org/seleniumhq/selenium/selenium-support/4.0.0-alpha-7/selenium-support-4.0.0-alpha-7.jar:/Users/busra.ozdemir/.m2/repository/io/github/bonigarcia/webdrivermanager/4.2.2/webdrivermanager-4.2.2.jar:/Users/busra.ozdemir/.m2/repository/org/slf4j/slf4j-api/1.7.30/slf4j-api-1.7.30.jar:/Users/busra.ozdemir/.m2/repository/commons-io/commons-io/2.8.0/commons-io-2.8.0.jar:/Users/busra.ozdemir/.m2/repository/com/google/code/gson/gson/2.8.6/gson-2.8.6.jar:/Users/busra.ozdemir/.m2/repository/org/apache/commons/commons-lang3/3.11/commons-lang3-3.11.jar:/Users/busra.ozdemir/.m2/repository/org/apache/httpcomponents/client5/httpclient5/5.0.1/httpclient5-5.0.1.jar:/Users/busra.ozdemir/.m2/repository/org/apache/httpcomponents/core5/httpcore5/5.0.1/httpcore5-5.0.1.jar:/Users/busra.ozdemir/.m2/repository/org/apache/httpcomponents/core5/httpcore5-h2/5.0.1/httpcore5-h2-5.0.1.jar:/Users/busra.ozdemir/.m2/repository/commons-codec/commons-codec/1.13/commons-codec-1.13.jar:/Users/busra.ozdemir/.m2/repository/org/rauschig/jarchivelib/1.1.0/jarchivelib-1.1.0.jar:/Users/busra.ozdemir/.m2/repository/org/apache/commons/commons-compress/1.20/commons-compress-1.20.jar:/Users/busra.ozdemir/.m2/repository/org/jsoup/jsoup/1.13.1/jsoup-1.13.1.jar:/Users/busra.ozdemir/.m2/repository/tech/grasshopper/extentreports-cucumber6-adapter/2.5.0/extentreports-cucumber6-adapter-2.5.0.jar:/Users/busra.ozdemir/.m2/repository/com/aventstack/extentreports/5.0.5/extentreports-5.0.5.jar:/Users/busra.ozdemir/.m2/repository/io/reactivex/rxjava3/rxjava/3.0.4/rxjava-3.0.4.jar:/Users/busra.ozdemir/.m2/repository/org/freemarker/freemarker/2.3.30/freemarker-2.3.30.jar:/Users/busra.ozdemir/.m2/repository/org/projectlombok/lombok/1.18.12/lombok-1.18.12.jar:/Users/busra.ozdemir/.m2/repository/tech/grasshopper/extent-pdf-report/1.3.0/extent-pdf-report-1.3.0.jar:/Users/busra.ozdemir/.m2/repository/tech/grasshopper/cucumber-pdf-report/1.6.0/cucumber-pdf-report-1.6.0.jar:/Users/busra.ozdemir/.m2/repository/org/apache/pdfbox/pdfbox/2.0.21/pdfbox-2.0.21.jar:/Users/busra.ozdemir/.m2/repository/org/apache/pdfbox/fontbox/2.0.21/fontbox-2.0.21.jar:/Users/busra.ozdemir/.m2/repository/org/knowm/xchart/xchart/3.6.5/xchart-3.6.5.jar:/Users/busra.ozdemir/.m2/repository/de/erichseifert/vectorgraphics2d/VectorGraphics2D/0.13/VectorGraphics2D-0.13.jar:/Users/busra.ozdemir/.m2/repository/de/rototor/pdfbox/graphics2d/0.27/graphics2d-0.27.jar:/Users/busra.ozdemir/.m2/repository/com/madgag/animated-gif-lib/1.4/animated-gif-lib-1.4.jar:/Users/busra.ozdemir/.m2/repository/com/github/vandeseer/easytable/0.7.1/easytable-0.7.1.jar:/Users/busra.ozdemir/.m2/repository/com/github/ralfstuckert/pdfbox-layout/pdfbox2-layout/1.0.0/pdfbox2-layout-1.0.0.jar:/Users/busra.ozdemir/.m2/repository/org/yaml/snakeyaml/1.27/snakeyaml-1.27.jar:/Users/busra.ozdemir/.m2/repository/com/aventstack/klov-reporter/5.0.5/klov-reporter-5.0.5.jar:/Users/busra.ozdemir/.m2/repository/org/mongodb/bson/3.6.4/bson-3.6.4.jar:/Users/busra.ozdemir/.m2/repository/org/apache/httpcomponents/httpclient/4.5.2/httpclient-4.5.2.jar:/Users/busra.ozdemir/.m2/repository/org/apache/httpcomponents/httpcore/4.4.4/httpcore-4.4.4.jar:/Users/busra.ozdemir/.m2/repository/commons-logging/commons-logging/1.2/commons-logging-1.2.jar:/Users/busra.ozdemir/.m2/repository/org/apache/httpcomponents/httpmime/4.5.2/httpmime-4.5.2.jar:/Users/busra.ozdemir/.m2/repository/org/mongodb/mongodb-driver/3.3.0/mongodb-driver-3.3.0.jar:/Users/busra.ozdemir/.m2/repository/org/mongodb/mongodb-driver-core/3.3.0/mongodb-driver-core-3.3.0.jar:"/>
    <property name="sun.awt.enableExtraMouseButtons" value="true"/>
    <property name="java.vm.vendor" value="Oracle Corporation"/>
    <property name="sun.arch.data.model" value="64"/>
    <property name="sun.font.fontmanager" value="sun.font.CFontManager"/>
    <property name="java.vendor.url" value="http://java.oracle.com/"/>
    <property name="user.timezone" value="Europe/Istanbul"/>
    <property name="java.vm.specification.version" value="1.8"/>
    <property name="os.name" value="Mac OS X"/>
    <property name="user.country" value="TR"/>
    <property name="sun.java.launcher" value="SUN_STANDARD"/>
    <property name="sun.boot.library.path" value="/Library/Java/JavaVirtualMachines/jdk1.8.0_201.jdk/Contents/Home/jre/lib"/>
    <property name="sun.java.command" value="/Users/busra.ozdemir/Music/testcucumber1/target/surefire/surefirebooter8771070104799245588.jar /Users/busra.ozdemir/Music/testcucumber1/target/surefire 2021-06-15T17-25-19_654-jvmRun1 surefire4687730775528727086tmp surefire_03656867077245216476tmp"/>
    <property name="http.nonProxyHosts" value="local|*.local|169.254/16|*.169.254/16"/>
    <property name="surefire.test.class.path" value="/Users/busra.ozdemir/Music/testcucumber1/target/test-classes:/Users/busra.ozdemir/Music/testcucumber1/target/deneme-1.0-SNAPSHOT.jar:/Users/busra.ozdemir/.m2/repository/io/cucumber/cucumber-java/6.9.1/cucumber-java-6.9.1.jar:/Users/busra.ozdemir/.m2/repository/io/cucumber/cucumber-core/6.9.1/cucumber-core-6.9.1.jar:/Users/busra.ozdemir/.m2/repository/io/cucumber/cucumber-gherkin/6.9.1/cucumber-gherkin-6.9.1.jar:/Users/busra.ozdemir/.m2/repository/io/cucumber/cucumber-gherkin-messages/6.9.1/cucumber-gherkin-messages-6.9.1.jar:/Users/busra.ozdemir/.m2/repository/io/cucumber/messages/13.2.1/messages-13.2.1.jar:/Users/busra.ozdemir/.m2/repository/io/cucumber/tag-expressions/3.0.0/tag-expressions-3.0.0.jar:/Users/busra.ozdemir/.m2/repository/io/cucumber/cucumber-expressions/10.3.0/cucumber-expressions-10.3.0.jar:/Users/busra.ozdemir/.m2/repository/io/cucumber/datatable/3.5.0/datatable-3.5.0.jar:/Users/busra.ozdemir/.m2/repository/io/cucumber/cucumber-plugin/6.9.1/cucumber-plugin-6.9.1.jar:/Users/busra.ozdemir/.m2/repository/io/cucumber/docstring/6.9.1/docstring-6.9.1.jar:/Users/busra.ozdemir/.m2/repository/io/cucumber/html-formatter/9.0.0/html-formatter-9.0.0.jar:/Users/busra.ozdemir/.m2/repository/io/cucumber/create-meta/2.0.4/create-meta-2.0.4.jar:/Users/busra.ozdemir/.m2/repository/org/apiguardian/apiguardian-api/1.1.0/apiguardian-api-1.1.0.jar:/Users/busra.ozdemir/.m2/repository/junit/junit/4.13.1/junit-4.13.1.jar:/Users/busra.ozdemir/.m2/repository/org/hamcrest/hamcrest-core/1.3/hamcrest-core-1.3.jar:/Users/busra.ozdemir/.m2/repository/io/cucumber/cucumber-junit/6.9.1/cucumber-junit-6.9.1.jar:/Users/busra.ozdemir/.m2/repository/org/seleniumhq/selenium/selenium-java/4.0.0-alpha-7/selenium-java-4.0.0-alpha-7.jar:/Users/busra.ozdemir/.m2/repository/org/seleniumhq/selenium/selenium-api/4.0.0-alpha-7/selenium-api-4.0.0-alpha-7.jar:/Users/busra.ozdemir/.m2/repository/org/seleniumhq/selenium/selenium-chrome-driver/4.0.0-alpha-7/selenium-chrome-driver-4.0.0-alpha-7.jar:/Users/busra.ozdemir/.m2/repository/com/google/auto/service/auto-service-annotations/1.0-rc7/auto-service-annotations-1.0-rc7.jar:/Users/busra.ozdemir/.m2/repository/com/google/auto/service/auto-service/1.0-rc7/auto-service-1.0-rc7.jar:/Users/busra.ozdemir/.m2/repository/com/google/auto/auto-common/0.10/auto-common-0.10.jar:/Users/busra.ozdemir/.m2/repository/com/google/guava/guava/30.0-jre/guava-30.0-jre.jar:/Users/busra.ozdemir/.m2/repository/com/google/guava/failureaccess/1.0.1/failureaccess-1.0.1.jar:/Users/busra.ozdemir/.m2/repository/com/google/guava/listenablefuture/9999.0-empty-to-avoid-conflict-with-guava/listenablefuture-9999.0-empty-to-avoid-conflict-with-guava.jar:/Users/busra.ozdemir/.m2/repository/com/google/code/findbugs/jsr305/3.0.2/jsr305-3.0.2.jar:/Users/busra.ozdemir/.m2/repository/org/checkerframework/checker-qual/3.5.0/checker-qual-3.5.0.jar:/Users/busra.ozdemir/.m2/repository/com/google/errorprone/error_prone_annotations/2.3.4/error_prone_annotations-2.3.4.jar:/Users/busra.ozdemir/.m2/repository/com/google/j2objc/j2objc-annotations/1.3/j2objc-annotations-1.3.jar:/Users/busra.ozdemir/.m2/repository/org/seleniumhq/selenium/selenium-chromium-driver/4.0.0-alpha-7/selenium-chromium-driver-4.0.0-alpha-7.jar:/Users/busra.ozdemir/.m2/repository/org/seleniumhq/selenium/selenium-devtools/4.0.0-alpha-7/selenium-devtools-4.0.0-alpha-7.jar:/Users/busra.ozdemir/.m2/repository/org/seleniumhq/selenium/selenium-http/4.0.0-alpha-7/selenium-http-4.0.0-alpha-7.jar:/Users/busra.ozdemir/.m2/repository/org/seleniumhq/selenium/selenium-json/4.0.0-alpha-7/selenium-json-4.0.0-alpha-7.jar:/Users/busra.ozdemir/.m2/repository/org/seleniumhq/selenium/selenium-devtools-v84/4.0.0-alpha-7/selenium-devtools-v84-4.0.0-alpha-7.jar:/Users/busra.ozdemir/.m2/repository/org/seleniumhq/selenium/selenium-devtools-v85/4.0.0-alpha-7/selenium-devtools-v85-4.0.0-alpha-7.jar:/Users/busra.ozdemir/.m2/repository/org/seleniumhq/selenium/selenium-devtools-v86/4.0.0-alpha-7/selenium-devtools-v86-4.0.0-alpha-7.jar:/Users/busra.ozdemir/.m2/repository/org/seleniumhq/selenium/selenium-devtools-v87/4.0.0-alpha-7/selenium-devtools-v87-4.0.0-alpha-7.jar:/Users/busra.ozdemir/.m2/repository/org/seleniumhq/selenium/selenium-edge-driver/4.0.0-alpha-7/selenium-edge-driver-4.0.0-alpha-7.jar:/Users/busra.ozdemir/.m2/repository/org/seleniumhq/selenium/selenium-edgehtml-driver/4.0.0-alpha-7/selenium-edgehtml-driver-4.0.0-alpha-7.jar:/Users/busra.ozdemir/.m2/repository/org/seleniumhq/selenium/selenium-firefox-driver/4.0.0-alpha-7/selenium-firefox-driver-4.0.0-alpha-7.jar:/Users/busra.ozdemir/.m2/repository/org/seleniumhq/selenium/selenium-firefox-xpi-driver/4.0.0-alpha-7/selenium-firefox-xpi-driver-4.0.0-alpha-7.jar:/Users/busra.ozdemir/.m2/repository/org/seleniumhq/selenium/selenium-ie-driver/4.0.0-alpha-7/selenium-ie-driver-4.0.0-alpha-7.jar:/Users/busra.ozdemir/.m2/repository/org/seleniumhq/selenium/selenium-opera-driver/4.0.0-alpha-7/selenium-opera-driver-4.0.0-alpha-7.jar:/Users/busra.ozdemir/.m2/repository/org/seleniumhq/selenium/selenium-remote-driver/4.0.0-alpha-7/selenium-remote-driver-4.0.0-alpha-7.jar:/Users/busra.ozdemir/.m2/repository/com/typesafe/netty/netty-reactive-streams/2.0.4/netty-reactive-streams-2.0.4.jar:/Users/busra.ozdemir/.m2/repository/io/netty/netty-handler/4.1.43.Final/netty-handler-4.1.43.Final.jar:/Users/busra.ozdemir/.m2/repository/org/reactivestreams/reactive-streams/1.0.3/reactive-streams-1.0.3.jar:/Users/busra.ozdemir/.m2/repository/io/grpc/grpc-context/1.32.1/grpc-context-1.32.1.jar:/Users/busra.ozdemir/.m2/repository/io/netty/netty-buffer/4.1.53.Final/netty-buffer-4.1.53.Final.jar:/Users/busra.ozdemir/.m2/repository/io/netty/netty-codec-http/4.1.53.Final/netty-codec-http-4.1.53.Final.jar:/Users/busra.ozdemir/.m2/repository/io/netty/netty-codec/4.1.53.Final/netty-codec-4.1.53.Final.jar:/Users/busra.ozdemir/.m2/repository/io/netty/netty-common/4.1.53.Final/netty-common-4.1.53.Final.jar:/Users/busra.ozdemir/.m2/repository/io/netty/netty-transport-native-epoll/4.1.53.Final/netty-transport-native-epoll-4.1.53.Final.jar:/Users/busra.ozdemir/.m2/repository/io/netty/netty-transport-native-epoll/4.1.53.Final/netty-transport-native-epoll-4.1.53.Final-linux-x86_64.jar:/Users/busra.ozdemir/.m2/repository/io/netty/netty-transport-native-kqueue/4.1.53.Final/netty-transport-native-kqueue-4.1.53.Final.jar:/Users/busra.ozdemir/.m2/repository/io/netty/netty-transport-native-kqueue/4.1.53.Final/netty-transport-native-kqueue-4.1.53.Final-osx-x86_64.jar:/Users/busra.ozdemir/.m2/repository/io/netty/netty-transport-native-unix-common/4.1.53.Final/netty-transport-native-unix-common-4.1.53.Final.jar:/Users/busra.ozdemir/.m2/repository/io/netty/netty-transport/4.1.53.Final/netty-transport-4.1.53.Final.jar:/Users/busra.ozdemir/.m2/repository/io/netty/netty-resolver/4.1.53.Final/netty-resolver-4.1.53.Final.jar:/Users/busra.ozdemir/.m2/repository/io/opentelemetry/opentelemetry-api/0.9.1/opentelemetry-api-0.9.1.jar:/Users/busra.ozdemir/.m2/repository/io/opentelemetry/opentelemetry-context-prop/0.9.1/opentelemetry-context-prop-0.9.1.jar:/Users/busra.ozdemir/.m2/repository/io/opentelemetry/opentelemetry-sdk/0.9.1/opentelemetry-sdk-0.9.1.jar:/Users/busra.ozdemir/.m2/repository/io/opentelemetry/opentelemetry-sdk-common/0.9.1/opentelemetry-sdk-common-0.9.1.jar:/Users/busra.ozdemir/.m2/repository/io/opentelemetry/opentelemetry-sdk-baggage/0.9.1/opentelemetry-sdk-baggage-0.9.1.jar:/Users/busra.ozdemir/.m2/repository/io/opentelemetry/opentelemetry-sdk-metrics/0.9.1/opentelemetry-sdk-metrics-0.9.1.jar:/Users/busra.ozdemir/.m2/repository/io/opentelemetry/opentelemetry-sdk-tracing/0.9.1/opentelemetry-sdk-tracing-0.9.1.jar:/Users/busra.ozdemir/.m2/repository/io/projectreactor/netty/reactor-netty-http/1.0.0/reactor-netty-http-1.0.0.jar:/Users/busra.ozdemir/.m2/repository/io/netty/netty-codec-http2/4.1.53.Final/netty-codec-http2-4.1.53.Final.jar:/Users/busra.ozdemir/.m2/repository/io/netty/netty-resolver-dns/4.1.53.Final/netty-resolver-dns-4.1.53.Final.jar:/Users/busra.ozdemir/.m2/repository/io/netty/netty-codec-dns/4.1.53.Final/netty-codec-dns-4.1.53.Final.jar:/Users/busra.ozdemir/.m2/repository/io/projectreactor/netty/reactor-netty-core/1.0.0/reactor-netty-core-1.0.0.jar:/Users/busra.ozdemir/.m2/repository/io/projectreactor/netty/reactor-netty/1.0.0/reactor-netty-1.0.0.jar:/Users/busra.ozdemir/.m2/repository/io/projectreactor/netty/reactor-netty-http-brave/1.0.0/reactor-netty-http-brave-1.0.0.jar:/Users/busra.ozdemir/.m2/repository/io/zipkin/brave/brave-instrumentation-http/5.12.7/brave-instrumentation-http-5.12.7.jar:/Users/busra.ozdemir/.m2/repository/io/zipkin/brave/brave/5.12.7/brave-5.12.7.jar:/Users/busra.ozdemir/.m2/repository/io/zipkin/reporter2/zipkin-reporter-brave/2.15.2/zipkin-reporter-brave-2.15.2.jar:/Users/busra.ozdemir/.m2/repository/io/zipkin/reporter2/zipkin-reporter/2.15.2/zipkin-reporter-2.15.2.jar:/Users/busra.ozdemir/.m2/repository/io/zipkin/zipkin2/zipkin/2.21.7/zipkin-2.21.7.jar:/Users/busra.ozdemir/.m2/repository/io/projectreactor/reactor-core/3.4.0/reactor-core-3.4.0.jar:/Users/busra.ozdemir/.m2/repository/net/bytebuddy/byte-buddy/1.10.18/byte-buddy-1.10.18.jar:/Users/busra.ozdemir/.m2/repository/org/apache/commons/commons-exec/1.3/commons-exec-1.3.jar:/Users/busra.ozdemir/.m2/repository/org/asynchttpclient/async-http-client/2.12.1/async-http-client-2.12.1.jar:/Users/busra.ozdemir/.m2/repository/org/asynchttpclient/async-http-client-netty-utils/2.12.1/async-http-client-netty-utils-2.12.1.jar:/Users/busra.ozdemir/.m2/repository/io/netty/netty-codec-socks/4.1.48.Final/netty-codec-socks-4.1.48.Final.jar:/Users/busra.ozdemir/.m2/repository/io/netty/netty-handler-proxy/4.1.48.Final/netty-handler-proxy-4.1.48.Final.jar:/Users/busra.ozdemir/.m2/repository/com/sun/activation/javax.activation/1.2.0/javax.activation-1.2.0.jar:/Users/busra.ozdemir/.m2/repository/org/seleniumhq/selenium/selenium-safari-driver/4.0.0-alpha-7/selenium-safari-driver-4.0.0-alpha-7.jar:/Users/busra.ozdemir/.m2/repository/org/seleniumhq/selenium/selenium-support/4.0.0-alpha-7/selenium-support-4.0.0-alpha-7.jar:/Users/busra.ozdemir/.m2/repository/io/github/bonigarcia/webdrivermanager/4.2.2/webdrivermanager-4.2.2.jar:/Users/busra.ozdemir/.m2/repository/org/slf4j/slf4j-api/1.7.30/slf4j-api-1.7.30.jar:/Users/busra.ozdemir/.m2/repository/commons-io/commons-io/2.8.0/commons-io-2.8.0.jar:/Users/busra.ozdemir/.m2/repository/com/google/code/gson/gson/2.8.6/gson-2.8.6.jar:/Users/busra.ozdemir/.m2/repository/org/apache/commons/commons-lang3/3.11/commons-lang3-3.11.jar:/Users/busra.ozdemir/.m2/repository/org/apache/httpcomponents/client5/httpclient5/5.0.1/httpclient5-5.0.1.jar:/Users/busra.ozdemir/.m2/repository/org/apache/httpcomponents/core5/httpcore5/5.0.1/httpcore5-5.0.1.jar:/Users/busra.ozdemir/.m2/repository/org/apache/httpcomponents/core5/httpcore5-h2/5.0.1/httpcore5-h2-5.0.1.jar:/Users/busra.ozdemir/.m2/repository/commons-codec/commons-codec/1.13/commons-codec-1.13.jar:/Users/busra.ozdemir/.m2/repository/org/rauschig/jarchivelib/1.1.0/jarchivelib-1.1.0.jar:/Users/busra.ozdemir/.m2/repository/org/apache/commons/commons-compress/1.20/commons-compress-1.20.jar:/Users/busra.ozdemir/.m2/repository/org/jsoup/jsoup/1.13.1/jsoup-1.13.1.jar:/Users/busra.ozdemir/.m2/repository/tech/grasshopper/extentreports-cucumber6-adapter/2.5.0/extentreports-cucumber6-adapter-2.5.0.jar:/Users/busra.ozdemir/.m2/repository/com/aventstack/extentreports/5.0.5/extentreports-5.0.5.jar:/Users/busra.ozdemir/.m2/repository/io/reactivex/rxjava3/rxjava/3.0.4/rxjava-3.0.4.jar:/Users/busra.ozdemir/.m2/repository/org/freemarker/freemarker/2.3.30/freemarker-2.3.30.jar:/Users/busra.ozdemir/.m2/repository/org/projectlombok/lombok/1.18.12/lombok-1.18.12.jar:/Users/busra.ozdemir/.m2/repository/tech/grasshopper/extent-pdf-report/1.3.0/extent-pdf-report-1.3.0.jar:/Users/busra.ozdemir/.m2/repository/tech/grasshopper/cucumber-pdf-report/1.6.0/cucumber-pdf-report-1.6.0.jar:/Users/busra.ozdemir/.m2/repository/org/apache/pdfbox/pdfbox/2.0.21/pdfbox-2.0.21.jar:/Users/busra.ozdemir/.m2/repository/org/apache/pdfbox/fontbox/2.0.21/fontbox-2.0.21.jar:/Users/busra.ozdemir/.m2/repository/org/knowm/xchart/xchart/3.6.5/xchart-3.6.5.jar:/Users/busra.ozdemir/.m2/repository/de/erichseifert/vectorgraphics2d/VectorGraphics2D/0.13/VectorGraphics2D-0.13.jar:/Users/busra.ozdemir/.m2/repository/de/rototor/pdfbox/graphics2d/0.27/graphics2d-0.27.jar:/Users/busra.ozdemir/.m2/repository/com/madgag/animated-gif-lib/1.4/animated-gif-lib-1.4.jar:/Users/busra.ozdemir/.m2/repository/com/github/vandeseer/easytable/0.7.1/easytable-0.7.1.jar:/Users/busra.ozdemir/.m2/repository/com/github/ralfstuckert/pdfbox-layout/pdfbox2-layout/1.0.0/pdfbox2-layout-1.0.0.jar:/Users/busra.ozdemir/.m2/repository/org/yaml/snakeyaml/1.27/snakeyaml-1.27.jar:/Users/busra.ozdemir/.m2/repository/com/aventstack/klov-reporter/5.0.5/klov-reporter-5.0.5.jar:/Users/busra.ozdemir/.m2/repository/org/mongodb/bson/3.6.4/bson-3.6.4.jar:/Users/busra.ozdemir/.m2/repository/org/apache/httpcomponents/httpclient/4.5.2/httpclient-4.5.2.jar:/Users/busra.ozdemir/.m2/repository/org/apache/httpcomponents/httpcore/4.4.4/httpcore-4.4.4.jar:/Users/busra.ozdemir/.m2/repository/commons-logging/commons-logging/1.2/commons-logging-1.2.jar:/Users/busra.ozdemir/.m2/repository/org/apache/httpcomponents/httpmime/4.5.2/httpmime-4.5.2.jar:/Users/busra.ozdemir/.m2/repository/org/mongodb/mongodb-driver/3.3.0/mongodb-driver-3.3.0.jar:/Users/busra.ozdemir/.m2/repository/org/mongodb/mongodb-driver-core/3.3.0/mongodb-driver-core-3.3.0.jar:"/>
    <property name="sun.cpu.endian" value="little"/>
    <property name="user.home" value="/Users/busra.ozdemir"/>
    <property name="user.language" value="en"/>
    <property name="java.specification.vendor" value="Oracle Corporation"/>
    <property name="java.home" value="/Library/Java/JavaVirtualMachines/jdk1.8.0_201.jdk/Contents/Home/jre"/>
    <property name="basedir" value="/Users/busra.ozdemir/Music/testcucumber1"/>
    <property name="file.separator" value="/"/>
    <property name="line.separator" value="&#10;"/>
    <property name="java.vm.specification.vendor" value="Oracle Corporation"/>
    <property name="java.specification.name" value="Java Platform API Specification"/>
    <property name="java.awt.graphicsenv" value="sun.awt.CGraphicsEnvironment"/>
    <property name="surefire.real.class.path" value="/Users/busra.ozdemir/Music/testcucumber1/target/surefire/surefirebooter8771070104799245588.jar"/>
    <property name="sun.boot.class.path" value="/Library/Java/JavaVirtualMachines/jdk1.8.0_201.jdk/Contents/Home/jre/lib/resources.jar:/Library/Java/JavaVirtualMachines/jdk1.8.0_201.jdk/Contents/Home/jre/lib/rt.jar:/Library/Java/JavaVirtualMachines/jdk1.8.0_201.jdk/Contents/Home/jre/lib/sunrsasign.jar:/Library/Java/JavaVirtualMachines/jdk1.8.0_201.jdk/Contents/Home/jre/lib/jsse.jar:/Library/Java/JavaVirtualMachines/jdk1.8.0_201.jdk/Contents/Home/jre/lib/jce.jar:/Library/Java/JavaVirtualMachines/jdk1.8.0_201.jdk/Contents/Home/jre/lib/charsets.jar:/Library/Java/JavaVirtualMachines/jdk1.8.0_201.jdk/Contents/Home/jre/lib/jfr.jar:/Library/Java/JavaVirtualMachines/jdk1.8.0_201.jdk/Contents/Home/jre/classes"/>
    <property name="sun.management.compiler" value="HotSpot 64-Bit Tiered Compilers"/>
    <property name="ftp.nonProxyHosts" value="local|*.local|169.254/16|*.169.254/16"/>
    <property name="java.runtime.version" value="1.8.0_201-b09"/>
    <property name="user.name" value="busra.ozdemir"/>
    <property name="path.separator" value=":"/>
    <property name="os.version" value="10.14.5"/>
    <property name="java.endorsed.dirs" value="/Library/Java/JavaVirtualMachines/jdk1.8.0_201.jdk/Contents/Home/jre/lib/endorsed"/>
    <property name="java.runtime.name" value="Java(TM) SE Runtime Environment"/>
    <property name="file.encoding" value="UTF-8"/>
    <property name="sun.nio.ch.bugLevel" value=""/>
    <property name="java.vm.name" value="Java HotSpot(TM) 64-Bit Server VM"/>
    <property name="localRepository" value="/Users/busra.ozdemir/.m2/repository"/>
    <property name="java.vendor.url.bug" value="http://bugreport.sun.com/bugreport/"/>
    <property name="java.io.tmpdir" value="/var/folders/0r/qt7_m72n1tv2n9mmtytv7_pr0000gp/T/"/>
    <property name="java.version" value="1.8.0_201"/>
    <property name="user.dir" value="/Users/busra.ozdemir/Music/testcucumber1"/>
    <property name="os.arch" value="x86_64"/>
    <property name="java.vm.specification.name" value="Java Virtual Machine Specification"/>
    <property name="java.awt.printerjob" value="sun.lwawt.macosx.CPrinterJob"/>
    <property name="sun.os.patch.level" value="unknown"/>
    <property name="java.library.path" value="/Users/busra.ozdemir/Library/Java/Extensions:/Library/Java/Extensions:/Network/Library/Java/Extensions:/System/Library/Java/Extensions:/usr/lib/java:."/>
    <property name="java.vm.info" value="mixed mode"/>
    <property name="java.vendor" value="Oracle Corporation"/>
    <property name="java.vm.version" value="25.201-b09"/>
    <property name="java.ext.dirs" value="/Users/busra.ozdemir/Library/Java/Extensions:/Library/Java/JavaVirtualMachines/jdk1.8.0_201.jdk/Contents/Home/jre/lib/ext:/Library/Java/Extensions:/Network/Library/Java/Extensions:/System/Library/Java/Extensions:/usr/lib/java"/>
    <property name="sun.io.unicode.encoding" value="UnicodeBig"/>
    <property name="java.class.version" value="52.0"/>
    <property name="socksNonProxyHosts" value="local|*.local|169.254/16|*.169.254/16"/>
  </properties>
  <testcase name="Web - Login Success Scenario" classname="Web - Login" time="16.483">
    <system-out><![CDATA[
@web @login
Scenario: Web - Login Success Scenario &amp#27;[90m# src/test/resources/features/web/login.feature:4&amp#27;[0m
  &amp#27;[32mGiven &amp#27;[0m&amp#27;[32mYS User open the Login Page&amp#27;[0m    &amp#27;[90m# stepdefinitions.login.LoginSteps.ysUserOpenTheLoginPage()&amp#27;[0m
  &amp#27;[32mAnd &amp#27;[0m&amp#27;[32mYS User try to login&amp#27;[0m             &amp#27;[90m# stepdefinitions.login.LoginSteps.ysUserTryToLogin(java.util.List<java.util.Map<java.lang.String, java.lang.String>>)&amp#27;[0m
  &amp#27;[32mThen &amp#27;[0m&amp#27;[32mYS User should logged-in&amp#27;[0m        &amp#27;[90m# stepdefinitions.login.LoginSteps.ysUserShouldLoggedIn()&amp#27;[0m
]]></system-out>
    <system-err><![CDATA[Starting ChromeDriver 80.0.3987.106 (f68069574609230cf9b635cd784cfb1bf81bb53a-refs/branch-heads/3987@{#882}) on port 11548
Only local connections are allowed.
Please protect ports used by ChromeDriver and related test frameworks to prevent access by malicious code.
[1623767126.963][WARNING]: FromSockAddr failed on netmask
Jun 15, 2021 5:25:29 PM org.openqa.selenium.remote.ProtocolHandshake createSession
INFO: Detected dialect: W3C
Jun 15, 2021 5:25:29 PM org.openqa.selenium.devtools.CdpVersionFinder findNearestMatch
WARNING: Unable to find an exact match for CDP version 80, so returning the closest version found: a no-op implementation
Jun 15, 2021 5:25:29 PM org.openqa.selenium.devtools.CdpVersionFinder findNearestMatch
INFO: Unable to find CDP implementation matching 80.
Jun 15, 2021 5:25:29 PM org.openqa.selenium.chromium.ChromiumDriver lambda$new$0
WARNING: Unable to find version of CDP to use for . You may need to include a dependency on a specific version of the CDP using something similar to `org.seleniumhq.selenium:selenium-devtools-v86:4.0.0-alpha-7` where the version ("v86") matches the version of the chromium-based browser you're using and the version number of the artifact is the same as Selenium's.
[1623767130.206][SEVERE]: Timed out receiving message from renderer: 0.100
[1623767130.308][SEVERE]: Timed out receiving message from renderer: 0.100
[1623767130.412][SEVERE]: Timed out receiving message from renderer: 0.100
[1623767130.752][SEVERE]: Timed out receiving message from renderer: 0.100
[1623767130.853][SEVERE]: Timed out receiving message from renderer: 0.100
[1623767131.085][SEVERE]: Timed out receiving message from renderer: 0.100
[1623767131.187][SEVERE]: Timed out receiving message from renderer: 0.100
[1623767131.331][SEVERE]: Timed out receiving message from renderer: 0.100
[1623767131.432][SEVERE]: Timed out receiving message from renderer: 0.100
[1623767131.755][SEVERE]: Timed out receiving message from renderer: 0.100
[1623767131.858][SEVERE]: Timed out receiving message from renderer: 0.100
[1623767131.961][SEVERE]: Timed out receiving message from renderer: 0.100
[1623767132.062][SEVERE]: Timed out receiving message from renderer: 0.100
[1623767132.163][SEVERE]: Timed out receiving message from renderer: 0.100
[1623767132.265][SEVERE]: Timed out receiving message from renderer: 0.100
[1623767132.366][SEVERE]: Timed out receiving message from renderer: 0.100
[1623767132.467][SEVERE]: Timed out receiving message from renderer: 0.100
[1623767133.164][SEVERE]: Timed out receiving message from renderer: 0.100
[1623767133.265][SEVERE]: Timed out receiving message from renderer: 0.100
[1623767133.366][SEVERE]: Timed out receiving message from renderer: 0.100
[1623767133.519][SEVERE]: Timed out receiving message from renderer: 0.100
[1623767133.701][SEVERE]: Timed out receiving message from renderer: 0.100
[1623767133.802][SEVERE]: Timed out receiving message from renderer: 0.100
]]></system-err>
  </testcase>
  <testcase name="Web - Login Fail Scenarios #1" classname="Web - Login" time="7.343">
    <system-out><![CDATA[
@web @login
Scenario Outline: Web - Login Fail Scenarios                                                                                    &amp#27;[90m# src/test/resources/features/web/login.feature:22&amp#27;[0m
  &amp#27;[32mGiven &amp#27;[0m&amp#27;[32mYS User open the Login Page&amp#27;[0m                                                                                             &amp#27;[90m# stepdefinitions.login.LoginSteps.ysUserOpenTheLoginPage()&amp#27;[0m
  &amp#27;[32mAnd &amp#27;[0m&amp#27;[32mYS User try to login&amp#27;[0m                                                                                                      &amp#27;[90m# stepdefinitions.login.LoginSteps.ysUserTryToLogin(java.util.List<java.util.Map<java.lang.String, java.lang.String>>)&amp#27;[0m
  &amp#27;[32mThen &amp#27;[0m&amp#27;[32mYS User have fail message &amp#27;[0m&amp#27;[32m&amp#27;[1m"Hatalı giriş. Lütfen kullanıcı adı ve şifrenizi kontrol edip tekrar deneyiniz."&amp#27;[0m&amp#27;[32m at Login Page&amp#27;[0m &amp#27;[90m# stepdefinitions.login.LoginSteps.ysUserHaveFailMessageAtLoginPage(java.lang.String)&amp#27;[0m
]]></system-out>
    <system-err><![CDATA[Starting ChromeDriver 80.0.3987.106 (f68069574609230cf9b635cd784cfb1bf81bb53a-refs/branch-heads/3987@{#882}) on port 21959
Only local connections are allowed.
Please protect ports used by ChromeDriver and related test frameworks to prevent access by malicious code.
[1623767137.762][WARNING]: FromSockAddr failed on netmask
Jun 15, 2021 5:25:38 PM org.openqa.selenium.remote.ProtocolHandshake createSession
INFO: Detected dialect: W3C
Jun 15, 2021 5:25:38 PM org.openqa.selenium.devtools.CdpVersionFinder findNearestMatch
WARNING: Unable to find an exact match for CDP version 80, so returning the closest version found: a no-op implementation
Jun 15, 2021 5:25:38 PM org.openqa.selenium.devtools.CdpVersionFinder findNearestMatch
INFO: Unable to find CDP implementation matching 80.
Jun 15, 2021 5:25:38 PM org.openqa.selenium.chromium.ChromiumDriver lambda$new$0
WARNING: Unable to find version of CDP to use for . You may need to include a dependency on a specific version of the CDP using something similar to `org.seleniumhq.selenium:selenium-devtools-v86:4.0.0-alpha-7` where the version ("v86") matches the version of the chromium-based browser you're using and the version number of the artifact is the same as Selenium's.
[1623767140.697][SEVERE]: Timed out receiving message from renderer: 0.100
[1623767140.798][SEVERE]: Timed out receiving message from renderer: 0.100
[1623767140.900][SEVERE]: Timed out receiving message from renderer: 0.100
[1623767141.000][SEVERE]: Timed out receiving message from renderer: 0.100
[1623767141.102][SEVERE]: Timed out receiving message from renderer: 0.100
[1623767141.217][SEVERE]: Timed out receiving message from renderer: 0.100
[1623767141.503][SEVERE]: Timed out receiving message from renderer: 0.100
[1623767141.641][SEVERE]: Timed out receiving message from renderer: 0.100
[1623767141.838][SEVERE]: Timed out receiving message from renderer: 0.100
[1623767141.939][SEVERE]: Timed out receiving message from renderer: 0.100
[1623767142.222][SEVERE]: Timed out receiving message from renderer: 0.100
[1623767142.923][SEVERE]: Timed out receiving message from renderer: 0.100
[1623767143.024][SEVERE]: Timed out receiving message from renderer: 0.100
[1623767143.125][SEVERE]: Timed out receiving message from renderer: 0.100
[1623767143.250][SEVERE]: Timed out receiving message from renderer: 0.100
[1623767143.391][SEVERE]: Timed out receiving message from renderer: 0.100
[1623767143.492][SEVERE]: Timed out receiving message from renderer: 0.100
[1623767143.612][SEVERE]: Timed out receiving message from renderer: 0.100
[1623767143.713][SEVERE]: Timed out receiving message from renderer: 0.100
[1623767143.813][SEVERE]: Timed out receiving message from renderer: 0.100
]]></system-err>
  </testcase>
  <testcase name="Web - Login Fail Scenarios #2" classname="Web - Login" time="9.533">
    <system-out><![CDATA[
@web @login
Scenario Outline: Web - Login Fail Scenarios                                                                                    &amp#27;[90m# src/test/resources/features/web/login.feature:23&amp#27;[0m
  &amp#27;[32mGiven &amp#27;[0m&amp#27;[32mYS User open the Login Page&amp#27;[0m                                                                                             &amp#27;[90m# stepdefinitions.login.LoginSteps.ysUserOpenTheLoginPage()&amp#27;[0m
  &amp#27;[32mAnd &amp#27;[0m&amp#27;[32mYS User try to login&amp#27;[0m                                                                                                      &amp#27;[90m# stepdefinitions.login.LoginSteps.ysUserTryToLogin(java.util.List<java.util.Map<java.lang.String, java.lang.String>>)&amp#27;[0m
  &amp#27;[32mThen &amp#27;[0m&amp#27;[32mYS User have fail message &amp#27;[0m&amp#27;[32m&amp#27;[1m"Hatalı giriş. Lütfen kullanıcı adı ve şifrenizi kontrol edip tekrar deneyiniz."&amp#27;[0m&amp#27;[32m at Login Page&amp#27;[0m &amp#27;[90m# stepdefinitions.login.LoginSteps.ysUserHaveFailMessageAtLoginPage(java.lang.String)&amp#27;[0m
]]></system-out>
    <system-err><![CDATA[Starting ChromeDriver 80.0.3987.106 (f68069574609230cf9b635cd784cfb1bf81bb53a-refs/branch-heads/3987@{#882}) on port 32417
Only local connections are allowed.
Please protect ports used by ChromeDriver and related test frameworks to prevent access by malicious code.
[1623767145.427][WARNING]: FromSockAddr failed on netmask
Jun 15, 2021 5:25:47 PM org.openqa.selenium.remote.ProtocolHandshake createSession
INFO: Detected dialect: W3C
Jun 15, 2021 5:25:47 PM org.openqa.selenium.devtools.CdpVersionFinder findNearestMatch
WARNING: Unable to find an exact match for CDP version 80, so returning the closest version found: a no-op implementation
Jun 15, 2021 5:25:47 PM org.openqa.selenium.devtools.CdpVersionFinder findNearestMatch
INFO: Unable to find CDP implementation matching 80.
Jun 15, 2021 5:25:47 PM org.openqa.selenium.chromium.ChromiumDriver lambda$new$0
WARNING: Unable to find version of CDP to use for . You may need to include a dependency on a specific version of the CDP using something similar to `org.seleniumhq.selenium:selenium-devtools-v86:4.0.0-alpha-7` where the version ("v86") matches the version of the chromium-based browser you're using and the version number of the artifact is the same as Selenium's.
[1623767148.187][SEVERE]: Timed out receiving message from renderer: 0.100
[1623767148.288][SEVERE]: Timed out receiving message from renderer: 0.100
[1623767148.390][SEVERE]: Timed out receiving message from renderer: 0.100
[1623767148.843][SEVERE]: Timed out receiving message from renderer: 0.100
[1623767148.945][SEVERE]: Timed out receiving message from renderer: 0.100
[1623767149.071][SEVERE]: Timed out receiving message from renderer: 0.100
[1623767149.172][SEVERE]: Timed out receiving message from renderer: 0.100
[1623767149.470][SEVERE]: Timed out receiving message from renderer: 0.100
[1623767149.614][SEVERE]: Timed out receiving message from renderer: 0.100
[1623767149.716][SEVERE]: Timed out receiving message from renderer: 0.100
[1623767149.818][SEVERE]: Timed out receiving message from renderer: 0.100
[1623767151.313][SEVERE]: Timed out receiving message from renderer: 0.100
[1623767151.534][SEVERE]: Timed out receiving message from renderer: 0.100
[1623767151.719][SEVERE]: Timed out receiving message from renderer: 0.100
[1623767151.825][SEVERE]: Timed out receiving message from renderer: 0.100
[1623767152.121][SEVERE]: Timed out receiving message from renderer: 0.100
]]></system-err>
  </testcase>
  <testcase name="Web - Login Fail Scenarios #3" classname="Web - Login" time="10.6">
    <error message="Timed out waiting for driver server to shutdown.&#10;Build info: version: &apos;4.0.0-alpha-7&apos;, revision: &apos;de8579b6d5&apos;&#10;System info: host: &apos;Mac110903&apos;, ip: &apos;fe80:0:0:0:18ac:6a8a:e21a:ee73%en0&apos;, os.name: &apos;Mac OS X&apos;, os.arch: &apos;x86_64&apos;, os.version: &apos;10.14.5&apos;, java.version: &apos;1.8.0_201&apos;&#10;Driver info: driver.version: ChromiumDriver" type="org.openqa.selenium.WebDriverException"><![CDATA[org.openqa.selenium.WebDriverException: 
Timed out waiting for driver server to shutdown.
Build info: version: '4.0.0-alpha-7', revision: 'de8579b6d5'
System info: host: 'Mac110903', ip: 'fe80:0:0:0:18ac:6a8a:e21a:ee73%en0', os.name: 'Mac OS X', os.arch: 'x86_64', os.version: '10.14.5', java.version: '1.8.0_201'
Driver info: driver.version: ChromiumDriver
Caused by: org.openqa.selenium.net.UrlChecker$TimeoutException: Timed out waiting for http://localhost:45413/shutdown to become unavailable after 3000 ms
Caused by: java.util.concurrent.TimeoutException
]]></error>
    <system-out><![CDATA[
@web @login
Scenario Outline: Web - Login Fail Scenarios                                                                                    &amp#27;[90m# src/test/resources/features/web/login.feature:24&amp#27;[0m
  &amp#27;[32mGiven &amp#27;[0m&amp#27;[32mYS User open the Login Page&amp#27;[0m                                                                                             &amp#27;[90m# stepdefinitions.login.LoginSteps.ysUserOpenTheLoginPage()&amp#27;[0m
  &amp#27;[32mAnd &amp#27;[0m&amp#27;[32mYS User try to login&amp#27;[0m                                                                                                      &amp#27;[90m# stepdefinitions.login.LoginSteps.ysUserTryToLogin(java.util.List<java.util.Map<java.lang.String, java.lang.String>>)&amp#27;[0m
  &amp#27;[32mThen &amp#27;[0m&amp#27;[32mYS User have fail message &amp#27;[0m&amp#27;[32m&amp#27;[1m"Hatalı giriş. Lütfen kullanıcı adı ve şifrenizi kontrol edip tekrar deneyiniz."&amp#27;[0m&amp#27;[32m at Login Page&amp#27;[0m &amp#27;[90m# stepdefinitions.login.LoginSteps.ysUserHaveFailMessageAtLoginPage(java.lang.String)&amp#27;[0m
      &amp#27;[31morg.openqa.selenium.WebDriverException: Timed out waiting for driver server to shutdown.
Build info: version: '4.0.0-alpha-7', revision: 'de8579b6d5'
System info: host: 'Mac110903', ip: 'fe80:0:0:0:18ac:6a8a:e21a:ee73%en0', os.name: 'Mac OS X', os.arch: 'x86_64', os.version: '10.14.5', java.version: '1.8.0_201'
Driver info: driver.version: ChromiumDriver
	at org.openqa.selenium.remote.service.DriverService.stop(DriverService.java:257)
	at org.openqa.selenium.remote.service.DriverCommandExecutor.execute(DriverCommandExecutor.java:113)
	at org.openqa.selenium.remote.RemoteWebDriver.execute(RemoteWebDriver.java:501)
	at org.openqa.selenium.remote.RemoteWebDriver.execute(RemoteWebDriver.java:558)
	at org.openqa.selenium.remote.RemoteWebDriver.execute(RemoteWebDriver.java:562)
	at org.openqa.selenium.remote.RemoteWebDriver.quit(RemoteWebDriver.java:398)
	at org.openqa.selenium.chromium.ChromiumDriver.quit(ChromiumDriver.java:243)
	at Hook.Hook.quitBrowser(Hook.java:36)
Caused by: org.openqa.selenium.net.UrlChecker$TimeoutException: Timed out waiting for http://localhost:45413/shutdown to become unavailable after 3000 ms
	at org.openqa.selenium.net.UrlChecker.waitUntilUnavailable(UrlChecker.java:131)
	at org.openqa.selenium.remote.service.DriverService.stop(DriverService.java:253)
	at org.openqa.selenium.remote.service.DriverCommandExecutor.execute(DriverCommandExecutor.java:113)
	at org.openqa.selenium.remote.RemoteWebDriver.execute(RemoteWebDriver.java:501)
	at org.openqa.selenium.remote.RemoteWebDriver.execute(RemoteWebDriver.java:558)
	at org.openqa.selenium.remote.RemoteWebDriver.execute(RemoteWebDriver.java:562)
	at org.openqa.selenium.remote.RemoteWebDriver.quit(RemoteWebDriver.java:398)
	at org.openqa.selenium.chromium.ChromiumDriver.quit(ChromiumDriver.java:243)
	at Hook.Hook.quitBrowser(Hook.java:36)
	at sun.reflect.NativeMethodAccessorImpl.invoke0(Native Method)
	at sun.reflect.NativeMethodAccessorImpl.invoke(NativeMethodAccessorImpl.java:62)
	at sun.reflect.DelegatingMethodAccessorImpl.invoke(DelegatingMethodAccessorImpl.java:43)
	at java.lang.reflect.Method.invoke(Method.java:498)
	at io.cucumber.java.Invoker.doInvoke(Invoker.java:66)
	at io.cucumber.java.Invoker.invoke(Invoker.java:24)
	at io.cucumber.java.AbstractGlueDefinition.invokeMethod(AbstractGlueDefinition.java:47)
	at io.cucumber.java.JavaHookDefinition.execute(JavaHookDefinition.java:59)
	at io.cucumber.core.runner.CoreHookDefinition.execute(CoreHookDefinition.java:46)
	at io.cucumber.core.runner.HookDefinitionMatch.runStep(HookDefinitionMatch.java:21)
	at io.cucumber.core.runner.ExecutionMode$1.execute(ExecutionMode.java:10)
	at io.cucumber.core.runner.TestStep.executeStep(TestStep.java:92)
	at io.cucumber.core.runner.TestStep.run(TestStep.java:64)
	at io.cucumber.core.runner.TestCase.run(TestCase.java:110)
	at io.cucumber.core.runner.Runner.runPickle(Runner.java:71)
	at io.cucumber.junit.PickleRunners$NoStepDescriptions.run(PickleRunners.java:151)
	at io.cucumber.junit.FeatureRunner.runChild(FeatureRunner.java:135)
	at io.cucumber.junit.FeatureRunner.runChild(FeatureRunner.java:27)
	at org.junit.runners.ParentRunner$4.run(ParentRunner.java:331)
	at org.junit.runners.ParentRunner$1.schedule(ParentRunner.java:79)
	at org.junit.runners.ParentRunner.runChildren(ParentRunner.java:329)
	at org.junit.runners.ParentRunner.access$100(ParentRunner.java:66)
	at org.junit.runners.ParentRunner$2.evaluate(ParentRunner.java:293)
	at org.junit.runners.ParentRunner$3.evaluate(ParentRunner.java:306)
	at org.junit.runners.ParentRunner.run(ParentRunner.java:413)
	at io.cucumber.junit.Cucumber.runChild(Cucumber.java:199)
	at io.cucumber.junit.Cucumber.runChild(Cucumber.java:90)
	at org.junit.runners.ParentRunner$4.run(ParentRunner.java:331)
	at org.apache.maven.surefire.junitcore.pc.Scheduler$1.run(Scheduler.java:405)
	at java.util.concurrent.Executors$RunnableAdapter.call(Executors.java:511)
	at java.util.concurrent.FutureTask.run(FutureTask.java:266)
	at java.util.concurrent.ThreadPoolExecutor.runWorker(ThreadPoolExecutor.java:1149)
	at java.util.concurrent.ThreadPoolExecutor$Worker.run(ThreadPoolExecutor.java:624)
	at java.lang.Thread.run(Thread.java:748)
Caused by: java.util.concurrent.TimeoutException
	at java.util.concurrent.FutureTask.get(FutureTask.java:205)
	at org.openqa.selenium.net.UrlChecker.waitUntilUnavailable(UrlChecker.java:129)
	... 42 more
&amp#27;[0m
]]></system-out>
    <system-err><![CDATA[Starting ChromeDriver 80.0.3987.106 (f68069574609230cf9b635cd784cfb1bf81bb53a-refs/branch-heads/3987@{#882}) on port 45413
Only local connections are allowed.
Please protect ports used by ChromeDriver and related test frameworks to prevent access by malicious code.
[1623767154.689][WARNING]: FromSockAddr failed on netmask
Jun 15, 2021 5:25:56 PM org.openqa.selenium.remote.ProtocolHandshake createSession
INFO: Detected dialect: W3C
Jun 15, 2021 5:25:56 PM org.openqa.selenium.devtools.CdpVersionFinder findNearestMatch
WARNING: Unable to find an exact match for CDP version 80, so returning the closest version found: a no-op implementation
Jun 15, 2021 5:25:56 PM org.openqa.selenium.devtools.CdpVersionFinder findNearestMatch
INFO: Unable to find CDP implementation matching 80.
Jun 15, 2021 5:25:56 PM org.openqa.selenium.chromium.ChromiumDriver lambda$new$0
WARNING: Unable to find version of CDP to use for . You may need to include a dependency on a specific version of the CDP using something similar to `org.seleniumhq.selenium:selenium-devtools-v86:4.0.0-alpha-7` where the version ("v86") matches the version of the chromium-based browser you're using and the version number of the artifact is the same as Selenium's.
[1623767157.863][SEVERE]: Timed out receiving message from renderer: 0.100
[1623767157.964][SEVERE]: Timed out receiving message from renderer: 0.100
[1623767158.066][SEVERE]: Timed out receiving message from renderer: 0.100
[1623767158.625][SEVERE]: Timed out receiving message from renderer: 0.100
[1623767158.859][SEVERE]: Timed out receiving message from renderer: 0.100
[1623767158.961][SEVERE]: Timed out receiving message from renderer: 0.100
[1623767159.942][SEVERE]: Timed out receiving message from renderer: 0.100
[1623767160.043][SEVERE]: Timed out receiving message from renderer: 0.100
[1623767160.144][SEVERE]: Timed out receiving message from renderer: 0.100
[1623767160.245][SEVERE]: Timed out receiving message from renderer: 0.100
[1623767160.548][SEVERE]: Timed out receiving message from renderer: 0.100
[1623767160.649][SEVERE]: Timed out receiving message from renderer: 0.100
[1623767160.750][SEVERE]: Timed out receiving message from renderer: 0.100
]]></system-err>
  </testcase>
  <testcase name="Web - Login Fail Scenarios with fail case for report" classname="Web - Login" time="11.45">
    <failure message="fail message should be : Hatalı giriş. expected:&lt;Hatalı giriş.[]&gt; but was:&lt;Hatalı giriş.[ Lütfen kullanıcı adı ve şifrenizi kontrol edip tekrar deneyiniz.]&gt;" type="org.junit.ComparisonFailure"><![CDATA[org.junit.ComparisonFailure: fail message should be : Hatalı giriş. expected:<Hatalı giriş.[]> but was:<Hatalı giriş.[ Lütfen kullanıcı adı ve şifrenizi kontrol edip tekrar deneyiniz.]>
]]></failure>
    <system-out><![CDATA[
@web @login
Scenario: Web - Login Fail Scenarios with fail case for report &amp#27;[90m# src/test/resources/features/web/login.feature:28&amp#27;[0m
  &amp#27;[32mGiven &amp#27;[0m&amp#27;[32mYS User open the Login Page&amp#27;[0m                            &amp#27;[90m# stepdefinitions.login.LoginSteps.ysUserOpenTheLoginPage()&amp#27;[0m
  &amp#27;[32mAnd &amp#27;[0m&amp#27;[32mYS User try to login&amp#27;[0m                                     &amp#27;[90m# stepdefinitions.login.LoginSteps.ysUserTryToLogin(java.util.List<java.util.Map<java.lang.String, java.lang.String>>)&amp#27;[0m
  &amp#27;[31mThen &amp#27;[0m&amp#27;[31mYS User have fail message &amp#27;[0m&amp#27;[31m&amp#27;[1m"Hatalı giriş."&amp#27;[0m&amp#27;[31m at Login Page&amp#27;[0m &amp#27;[90m# stepdefinitions.login.LoginSteps.ysUserHaveFailMessageAtLoginPage(java.lang.String)&amp#27;[0m
      &amp#27;[31morg.junit.ComparisonFailure: fail message should be : Hatalı giriş. expected:<Hatalı giriş.[]> but was:<Hatalı giriş.[ Lütfen kullanıcı adı ve şifrenizi kontrol edip tekrar deneyiniz.]>
	at org.junit.Assert.assertEquals(Assert.java:117)
	at pages.login.LoginPage.checkFailMessageAs(LoginPage.java:41)
	at stepdefinitions.login.LoginSteps.ysUserHaveFailMessageAtLoginPage(LoginSteps.java:39)
	at ✽.YS User have fail message "Hatalı giriş." at Login Page(file:///Users/busra.ozdemir/Music/testcucumber1/src/test/resources/features/web/login.feature:33)
&amp#27;[0m

    Embedding Web_-_Login_Fail_Scenarios_with_fail_case_for_report [image/png 1142482 bytes]

]]></system-out>
    <system-err><![CDATA[Starting ChromeDriver 80.0.3987.106 (f68069574609230cf9b635cd784cfb1bf81bb53a-refs/branch-heads/3987@{#882}) on port 34940
Only local connections are allowed.
Please protect ports used by ChromeDriver and related test frameworks to prevent access by malicious code.
[1623767167.176][WARNING]: FromSockAddr failed on netmask
Jun 15, 2021 5:26:08 PM org.openqa.selenium.remote.ProtocolHandshake createSession
INFO: Detected dialect: W3C
Jun 15, 2021 5:26:08 PM org.openqa.selenium.devtools.CdpVersionFinder findNearestMatch
WARNING: Unable to find an exact match for CDP version 80, so returning the closest version found: a no-op implementation
Jun 15, 2021 5:26:08 PM org.openqa.selenium.devtools.CdpVersionFinder findNearestMatch
INFO: Unable to find CDP implementation matching 80.
Jun 15, 2021 5:26:08 PM org.openqa.selenium.chromium.ChromiumDriver lambda$new$0
WARNING: Unable to find version of CDP to use for . You may need to include a dependency on a specific version of the CDP using something similar to `org.seleniumhq.selenium:selenium-devtools-v86:4.0.0-alpha-7` where the version ("v86") matches the version of the chromium-based browser you're using and the version number of the artifact is the same as Selenium's.
[1623767170.297][SEVERE]: Timed out receiving message from renderer: 0.100
[1623767170.398][SEVERE]: Timed out receiving message from renderer: 0.100
[1623767170.499][SEVERE]: Timed out receiving message from renderer: 0.100
[1623767171.077][SEVERE]: Timed out receiving message from renderer: 0.100
[1623767171.239][SEVERE]: Timed out receiving message from renderer: 0.100
[1623767171.340][SEVERE]: Timed out receiving message from renderer: 0.100
[1623767171.441][SEVERE]: Timed out receiving message from renderer: 0.100
[1623767171.681][SEVERE]: Timed out receiving message from renderer: 0.100
[1623767172.364][SEVERE]: Timed out receiving message from renderer: 0.100
[1623767172.551][SEVERE]: Timed out receiving message from renderer: 0.100
[1623767172.652][SEVERE]: Timed out receiving message from renderer: 0.100
[1623767172.753][SEVERE]: Timed out receiving message from renderer: 0.100
[1623767172.903][SEVERE]: Timed out receiving message from renderer: 0.100
[1623767173.004][SEVERE]: Timed out receiving message from renderer: 0.100
[1623767173.146][SEVERE]: Timed out receiving message from renderer: 0.100
[1623767173.262][SEVERE]: Timed out receiving message from renderer: 0.100
[1623767173.363][SEVERE]: Timed out receiving message from renderer: 0.100
]]></system-err>
  </testcase>
</testsuite>